2025-08-08 10:55:31: Error parsing DATABASE_URL: Cannot read properties of undefined (reading 'match')
2025-08-08 10:55:46: Error parsing DATABASE_URL: Cannot read properties of undefined (reading 'match')
2025-08-08 10:56:00: Error parsing DATABASE_URL: Cannot read properties of undefined (reading 'match')
2025-08-08 10:56:15: Error parsing DATABASE_URL: Cannot read properties of undefined (reading 'match')
2025-08-08 10:56:28: Error parsing DATABASE_URL: Cannot read properties of undefined (reading 'match')
2025-08-08 10:56:41: Error parsing DATABASE_URL: Cannot read properties of undefined (reading 'match')
2025-08-08 10:56:54: Error parsing DATABASE_URL: Cannot read properties of undefined (reading 'match')
2025-08-08 10:57:07: Error parsing DATABASE_URL: Cannot read properties of undefined (reading 'match')
2025-08-08 10:57:22: Error parsing DATABASE_URL: Cannot read properties of undefined (reading 'match')
2025-08-08 10:57:36: Error parsing DATABASE_URL: Cannot read properties of undefined (reading 'match')
2025-08-08 10:57:49: Error parsing DATABASE_URL: Cannot read properties of undefined (reading 'match')
2025-08-08 10:58:02: Error parsing DATABASE_URL: Cannot read properties of undefined (reading 'match')
2025-08-08 10:58:15: Error parsing DATABASE_URL: Cannot read properties of undefined (reading 'match')
2025-08-08 10:58:33: Error parsing DATABASE_URL: Cannot read properties of undefined (reading 'match')
2025-08-08 10:58:53: Error parsing DATABASE_URL: Cannot read properties of undefined (reading 'match')
2025-08-08 10:59:06: Error parsing DATABASE_URL: Cannot read properties of undefined (reading 'match')
2025-08-08 10:59:21: Error parsing DATABASE_URL: Cannot read properties of undefined (reading 'match')
2025-08-08 10:59:37: Error parsing DATABASE_URL: Cannot read properties of undefined (reading 'match')
2025-08-08 10:59:52: Error parsing DATABASE_URL: Cannot read properties of undefined (reading 'match')
2025-08-08 11:00:05: Error parsing DATABASE_URL: Cannot read properties of undefined (reading 'match')
2025-08-08 11:00:18: Error parsing DATABASE_URL: Cannot read properties of undefined (reading 'match')
2025-08-08 11:00:33: Error parsing DATABASE_URL: Cannot read properties of undefined (reading 'match')
2025-08-08 11:00:46: Error parsing DATABASE_URL: Cannot read properties of undefined (reading 'match')
2025-08-08 11:00:59: Error parsing DATABASE_URL: Cannot read properties of undefined (reading 'match')
2025-08-08 11:01:15: Error parsing DATABASE_URL: Cannot read properties of undefined (reading 'match')
2025-08-08 11:01:28: Error parsing DATABASE_URL: Cannot read properties of undefined (reading 'match')
2025-08-08 11:01:43: Error parsing DATABASE_URL: Cannot read properties of undefined (reading 'match')
2025-08-08 11:01:56: Error parsing DATABASE_URL: Cannot read properties of undefined (reading 'match')
2025-08-08 11:02:09: Error parsing DATABASE_URL: Cannot read properties of undefined (reading 'match')
2025-08-08 11:02:24: Error parsing DATABASE_URL: Cannot read properties of undefined (reading 'match')
2025-08-08 11:02:37: Error parsing DATABASE_URL: Cannot read properties of undefined (reading 'match')
2025-08-08 11:02:51: Error parsing DATABASE_URL: Cannot read properties of undefined (reading 'match')
2025-08-08 11:03:04: Error parsing DATABASE_URL: Cannot read properties of undefined (reading 'match')
2025-08-08 11:03:17: Error parsing DATABASE_URL: Cannot read properties of undefined (reading 'match')
2025-08-08 11:03:30: Error parsing DATABASE_URL: Cannot read properties of undefined (reading 'match')
2025-08-08 11:03:43: Error parsing DATABASE_URL: Cannot read properties of undefined (reading 'match')
2025-08-08 11:03:58: Error parsing DATABASE_URL: Cannot read properties of undefined (reading 'match')
2025-08-08 11:04:11: Error parsing DATABASE_URL: Cannot read properties of undefined (reading 'match')
2025-08-08 11:04:26: Error parsing DATABASE_URL: Cannot read properties of undefined (reading 'match')
2025-08-08 11:04:39: Error parsing DATABASE_URL: Cannot read properties of undefined (reading 'match')
2025-08-08 11:04:53: Error parsing DATABASE_URL: Cannot read properties of undefined (reading 'match')
2025-08-08 11:05:10: Error parsing DATABASE_URL: Cannot read properties of undefined (reading 'match')
2025-08-08 11:05:23: Error parsing DATABASE_URL: Cannot read properties of undefined (reading 'match')
2025-08-08 11:05:36: Error parsing DATABASE_URL: Cannot read properties of undefined (reading 'match')
2025-08-08 11:05:49: Error parsing DATABASE_URL: Cannot read properties of undefined (reading 'match')
2025-08-08 11:06:10: Error parsing DATABASE_URL: Cannot read properties of undefined (reading 'match')
2025-08-08 11:06:23: Error parsing DATABASE_URL: Cannot read properties of undefined (reading 'match')
2025-08-08 11:06:36: Error parsing DATABASE_URL: Cannot read properties of undefined (reading 'match')
2025-08-08 11:06:49: Error parsing DATABASE_URL: Cannot read properties of undefined (reading 'match')
2025-08-08 11:07:02: Error parsing DATABASE_URL: Cannot read properties of undefined (reading 'match')
2025-08-08 11:07:17: Error parsing DATABASE_URL: Cannot read properties of undefined (reading 'match')
2025-08-08 11:07:30: Error parsing DATABASE_URL: Cannot read properties of undefined (reading 'match')
2025-08-08 11:07:45: Error parsing DATABASE_URL: Cannot read properties of undefined (reading 'match')
2025-08-08 11:07:58: Error parsing DATABASE_URL: Cannot read properties of undefined (reading 'match')
2025-08-08 11:08:11: Error parsing DATABASE_URL: Cannot read properties of undefined (reading 'match')
2025-08-08 11:08:25: Error parsing DATABASE_URL: Cannot read properties of undefined (reading 'match')
2025-08-08 11:08:38: Error parsing DATABASE_URL: Cannot read properties of undefined (reading 'match')
2025-08-08 11:08:51: Error parsing DATABASE_URL: Cannot read properties of undefined (reading 'match')
2025-08-08 11:09:04: Error parsing DATABASE_URL: Cannot read properties of undefined (reading 'match')
2025-08-08 11:09:18: Error parsing DATABASE_URL: Cannot read properties of undefined (reading 'match')
2025-08-08 11:09:33: Error parsing DATABASE_URL: Cannot read properties of undefined (reading 'match')
2025-08-08 11:09:46: Error parsing DATABASE_URL: Cannot read properties of undefined (reading 'match')
2025-08-08 11:09:59: Error parsing DATABASE_URL: Cannot read properties of undefined (reading 'match')
2025-08-08 11:10:14: Error parsing DATABASE_URL: Cannot read properties of undefined (reading 'match')
2025-08-08 11:10:28: Error parsing DATABASE_URL: Cannot read properties of undefined (reading 'match')
2025-08-08 11:10:40: Error parsing DATABASE_URL: Cannot read properties of undefined (reading 'match')
2025-08-08 11:10:53: Error parsing DATABASE_URL: Cannot read properties of undefined (reading 'match')
2025-08-08 11:11:06: Error parsing DATABASE_URL: Cannot read properties of undefined (reading 'match')
2025-08-08 11:11:20: Error parsing DATABASE_URL: Cannot read properties of undefined (reading 'match')
2025-08-08 11:11:35: Error parsing DATABASE_URL: Cannot read properties of undefined (reading 'match')
2025-08-08 11:11:49: Error parsing DATABASE_URL: Cannot read properties of undefined (reading 'match')
2025-08-08 11:12:02: Error parsing DATABASE_URL: Cannot read properties of undefined (reading 'match')
2025-08-08 11:12:15: Error parsing DATABASE_URL: Cannot read properties of undefined (reading 'match')
2025-08-08 11:12:28: Error parsing DATABASE_URL: Cannot read properties of undefined (reading 'match')
2025-08-08 11:12:41: Error parsing DATABASE_URL: Cannot read properties of undefined (reading 'match')
2025-08-08 11:12:54: Error parsing DATABASE_URL: Cannot read properties of undefined (reading 'match')
2025-08-08 11:13:07: Error parsing DATABASE_URL: Cannot read properties of undefined (reading 'match')
2025-08-08 11:13:20: Error parsing DATABASE_URL: Cannot read properties of undefined (reading 'match')
2025-08-08 11:13:33: Error parsing DATABASE_URL: Cannot read properties of undefined (reading 'match')
2025-08-08 11:13:46: Error parsing DATABASE_URL: Cannot read properties of undefined (reading 'match')
2025-08-08 11:13:59: Error parsing DATABASE_URL: Cannot read properties of undefined (reading 'match')
2025-08-08 11:14:12: Error parsing DATABASE_URL: Cannot read properties of undefined (reading 'match')
2025-08-08 11:14:26: Error parsing DATABASE_URL: Cannot read properties of undefined (reading 'match')
2025-08-08 11:14:39: Error parsing DATABASE_URL: Cannot read properties of undefined (reading 'match')
2025-08-08 11:14:52: Error parsing DATABASE_URL: Cannot read properties of undefined (reading 'match')
2025-08-08 11:15:05: Error parsing DATABASE_URL: Cannot read properties of undefined (reading 'match')
2025-08-08 11:15:18: Error parsing DATABASE_URL: Cannot read properties of undefined (reading 'match')
2025-08-08 11:15:31: Error parsing DATABASE_URL: Cannot read properties of undefined (reading 'match')
2025-08-08 11:15:44: Error parsing DATABASE_URL: Cannot read properties of undefined (reading 'match')
2025-08-08 11:15:57: Error parsing DATABASE_URL: Cannot read properties of undefined (reading 'match')
2025-08-08 11:16:13: Error parsing DATABASE_URL: Cannot read properties of undefined (reading 'match')
2025-08-08 11:16:26: Error parsing DATABASE_URL: Cannot read properties of undefined (reading 'match')
2025-08-08 11:16:39: Error parsing DATABASE_URL: Cannot read properties of undefined (reading 'match')
2025-08-08 11:16:52: Error parsing DATABASE_URL: Cannot read properties of undefined (reading 'match')
2025-08-08 11:17:05: Error parsing DATABASE_URL: Cannot read properties of undefined (reading 'match')
2025-08-08 11:17:18: Error parsing DATABASE_URL: Cannot read properties of undefined (reading 'match')
2025-08-08 11:17:33: Error parsing DATABASE_URL: Cannot read properties of undefined (reading 'match')
2025-08-08 11:17:48: Error parsing DATABASE_URL: Cannot read properties of undefined (reading 'match')
2025-08-08 11:18:01: Error parsing DATABASE_URL: Cannot read properties of undefined (reading 'match')
2025-08-08 11:18:14: Error parsing DATABASE_URL: Cannot read properties of undefined (reading 'match')
2025-08-08 11:18:27: Error parsing DATABASE_URL: Cannot read properties of undefined (reading 'match')
2025-08-08 11:18:40: Error parsing DATABASE_URL: Cannot read properties of undefined (reading 'match')
2025-08-08 11:18:53: Error parsing DATABASE_URL: Cannot read properties of undefined (reading 'match')
2025-08-08 11:19:07: Error parsing DATABASE_URL: Cannot read properties of undefined (reading 'match')
2025-08-08 11:19:20: Error parsing DATABASE_URL: Cannot read properties of undefined (reading 'match')
2025-08-08 11:19:33: Error parsing DATABASE_URL: Cannot read properties of undefined (reading 'match')
2025-08-08 11:19:46: Error parsing DATABASE_URL: Cannot read properties of undefined (reading 'match')
2025-08-08 11:19:59: Error parsing DATABASE_URL: Cannot read properties of undefined (reading 'match')
2025-08-08 11:20:12: Error parsing DATABASE_URL: Cannot read properties of undefined (reading 'match')
2025-08-08 11:20:25: Error parsing DATABASE_URL: Cannot read properties of undefined (reading 'match')
2025-08-08 11:20:38: Error parsing DATABASE_URL: Cannot read properties of undefined (reading 'match')
2025-08-08 11:20:55: Error parsing DATABASE_URL: Cannot read properties of undefined (reading 'match')
2025-08-08 11:21:08: Error parsing DATABASE_URL: Cannot read properties of undefined (reading 'match')
2025-08-08 11:21:21: Error parsing DATABASE_URL: Cannot read properties of undefined (reading 'match')
2025-08-08 11:21:35: Error parsing DATABASE_URL: Cannot read properties of undefined (reading 'match')
2025-08-08 11:21:48: Error parsing DATABASE_URL: Cannot read properties of undefined (reading 'match')
2025-08-08 11:22:01: Error parsing DATABASE_URL: Cannot read properties of undefined (reading 'match')
2025-08-08 11:22:14: Error parsing DATABASE_URL: Cannot read properties of undefined (reading 'match')
2025-08-08 11:22:27: Error parsing DATABASE_URL: Cannot read properties of undefined (reading 'match')
2025-08-08 11:22:42: Error parsing DATABASE_URL: Cannot read properties of undefined (reading 'match')
2025-08-08 11:22:55: Error parsing DATABASE_URL: Cannot read properties of undefined (reading 'match')
2025-08-08 11:23:08: Error parsing DATABASE_URL: Cannot read properties of undefined (reading 'match')
2025-08-08 11:23:21: Error parsing DATABASE_URL: Cannot read properties of undefined (reading 'match')
2025-08-08 11:23:34: Error parsing DATABASE_URL: Cannot read properties of undefined (reading 'match')
2025-08-08 11:23:47: Error parsing DATABASE_URL: Cannot read properties of undefined (reading 'match')
2025-08-08 11:24:00: Error parsing DATABASE_URL: Cannot read properties of undefined (reading 'match')
2025-08-08 11:24:13: Error parsing DATABASE_URL: Cannot read properties of undefined (reading 'match')
2025-08-08 11:24:28: Error parsing DATABASE_URL: Cannot read properties of undefined (reading 'match')
2025-08-08 11:24:41: Error parsing DATABASE_URL: Cannot read properties of undefined (reading 'match')
2025-08-08 11:24:55: Error parsing DATABASE_URL: Cannot read properties of undefined (reading 'match')
2025-08-08 11:25:10: Error parsing DATABASE_URL: Cannot read properties of undefined (reading 'match')
2025-08-08 11:25:23: Error parsing DATABASE_URL: Cannot read properties of undefined (reading 'match')
2025-08-08 11:25:36: Error parsing DATABASE_URL: Cannot read properties of undefined (reading 'match')
2025-08-08 11:25:49: Error parsing DATABASE_URL: Cannot read properties of undefined (reading 'match')
2025-08-08 11:26:02: Error parsing DATABASE_URL: Cannot read properties of undefined (reading 'match')
2025-08-08 11:26:15: Error parsing DATABASE_URL: Cannot read properties of undefined (reading 'match')
2025-08-08 11:26:28: Error parsing DATABASE_URL: Cannot read properties of undefined (reading 'match')
2025-08-08 11:26:41: Error parsing DATABASE_URL: Cannot read properties of undefined (reading 'match')
2025-08-08 11:26:55: Error parsing DATABASE_URL: Cannot read properties of undefined (reading 'match')
2025-08-08 11:27:07: Error parsing DATABASE_URL: Cannot read properties of undefined (reading 'match')
2025-08-08 11:27:20: Error parsing DATABASE_URL: Cannot read properties of undefined (reading 'match')
2025-08-08 11:27:33: Error parsing DATABASE_URL: Cannot read properties of undefined (reading 'match')
2025-08-08 11:27:49: Error parsing DATABASE_URL: Cannot read properties of undefined (reading 'match')
2025-08-08 11:28:04: Error parsing DATABASE_URL: Cannot read properties of undefined (reading 'match')
2025-08-08 11:28:17: Error parsing DATABASE_URL: Cannot read properties of undefined (reading 'match')
2025-08-08 11:28:30: Error parsing DATABASE_URL: Cannot read properties of undefined (reading 'match')
2025-08-08 11:28:43: Error parsing DATABASE_URL: Cannot read properties of undefined (reading 'match')
2025-08-08 11:28:56: Error parsing DATABASE_URL: Cannot read properties of undefined (reading 'match')
2025-08-08 11:29:09: Error parsing DATABASE_URL: Cannot read properties of undefined (reading 'match')
2025-08-08 11:29:23: Error parsing DATABASE_URL: Cannot read properties of undefined (reading 'match')
2025-08-08 11:29:36: Error parsing DATABASE_URL: Cannot read properties of undefined (reading 'match')
2025-08-08 11:29:51: Error parsing DATABASE_URL: Cannot read properties of undefined (reading 'match')
2025-08-08 11:30:04: Error parsing DATABASE_URL: Cannot read properties of undefined (reading 'match')
2025-08-08 11:30:17: Error parsing DATABASE_URL: Cannot read properties of undefined (reading 'match')
2025-08-08 11:30:30: Error parsing DATABASE_URL: Cannot read properties of undefined (reading 'match')
2025-08-08 11:30:43: Error parsing DATABASE_URL: Cannot read properties of undefined (reading 'match')
2025-08-08 11:30:56: Error parsing DATABASE_URL: Cannot read properties of undefined (reading 'match')
2025-08-08 11:31:09: Error parsing DATABASE_URL: Cannot read properties of undefined (reading 'match')
2025-08-08 11:31:22: Error parsing DATABASE_URL: Cannot read properties of undefined (reading 'match')
2025-08-08 11:31:35: Error parsing DATABASE_URL: Cannot read properties of undefined (reading 'match')
2025-08-08 11:31:48: Error parsing DATABASE_URL: Cannot read properties of undefined (reading 'match')
2025-08-08 11:32:01: Error parsing DATABASE_URL: Cannot read properties of undefined (reading 'match')
2025-08-08 11:32:15: Error parsing DATABASE_URL: Cannot read properties of undefined (reading 'match')
2025-08-08 11:32:28: Error parsing DATABASE_URL: Cannot read properties of undefined (reading 'match')
2025-08-08 11:32:41: Error parsing DATABASE_URL: Cannot read properties of undefined (reading 'match')
2025-08-08 11:32:55: Error parsing DATABASE_URL: Cannot read properties of undefined (reading 'match')
2025-08-08 11:33:08: Error parsing DATABASE_URL: Cannot read properties of undefined (reading 'match')
2025-08-08 11:33:21: Error parsing DATABASE_URL: Cannot read properties of undefined (reading 'match')
2025-08-08 11:33:34: Error parsing DATABASE_URL: Cannot read properties of undefined (reading 'match')
2025-08-08 11:33:47: Error parsing DATABASE_URL: Cannot read properties of undefined (reading 'match')
2025-08-08 11:34:00: Error parsing DATABASE_URL: Cannot read properties of undefined (reading 'match')
2025-08-08 11:34:13: Error parsing DATABASE_URL: Cannot read properties of undefined (reading 'match')
2025-08-08 11:34:26: Error parsing DATABASE_URL: Cannot read properties of undefined (reading 'match')
2025-08-08 11:34:39: Error parsing DATABASE_URL: Cannot read properties of undefined (reading 'match')
2025-08-08 11:34:54: Error parsing DATABASE_URL: Cannot read properties of undefined (reading 'match')
2025-08-08 11:35:08: Error parsing DATABASE_URL: Cannot read properties of undefined (reading 'match')
2025-08-08 11:35:25: Error parsing DATABASE_URL: Cannot read properties of undefined (reading 'match')
2025-08-08 11:35:38: Error parsing DATABASE_URL: Cannot read properties of undefined (reading 'match')
2025-08-08 11:35:54: Error parsing DATABASE_URL: Cannot read properties of undefined (reading 'match')
2025-08-08 11:36:07: Error parsing DATABASE_URL: Cannot read properties of undefined (reading 'match')
2025-08-08 11:36:20: Error parsing DATABASE_URL: Cannot read properties of undefined (reading 'match')
2025-08-08 11:36:33: Error parsing DATABASE_URL: Cannot read properties of undefined (reading 'match')
2025-08-08 11:36:46: Error parsing DATABASE_URL: Cannot read properties of undefined (reading 'match')
2025-08-08 11:36:59: Error parsing DATABASE_URL: Cannot read properties of undefined (reading 'match')
2025-08-08 11:37:12: Error parsing DATABASE_URL: Cannot read properties of undefined (reading 'match')
2025-08-08 11:37:25: Error parsing DATABASE_URL: Cannot read properties of undefined (reading 'match')
2025-08-08 11:37:38: Error parsing DATABASE_URL: Cannot read properties of undefined (reading 'match')
2025-08-08 11:37:53: Error parsing DATABASE_URL: Cannot read properties of undefined (reading 'match')
2025-08-08 11:38:06: Error parsing DATABASE_URL: Cannot read properties of undefined (reading 'match')
2025-08-08 11:38:19: Error parsing DATABASE_URL: Cannot read properties of undefined (reading 'match')
2025-08-08 11:38:32: Error parsing DATABASE_URL: Cannot read properties of undefined (reading 'match')
2025-08-08 11:38:45: Error parsing DATABASE_URL: Cannot read properties of undefined (reading 'match')
2025-08-08 11:38:58: Error parsing DATABASE_URL: Cannot read properties of undefined (reading 'match')
2025-08-08 11:39:11: Error parsing DATABASE_URL: Cannot read properties of undefined (reading 'match')
2025-08-08 11:39:24: Error parsing DATABASE_URL: Cannot read properties of undefined (reading 'match')
2025-08-08 11:39:40: Error parsing DATABASE_URL: Cannot read properties of undefined (reading 'match')
2025-08-08 11:39:53: Error parsing DATABASE_URL: Cannot read properties of undefined (reading 'match')
2025-08-08 11:40:06: Error parsing DATABASE_URL: Cannot read properties of undefined (reading 'match')
2025-08-08 11:40:19: Error parsing DATABASE_URL: Cannot read properties of undefined (reading 'match')
2025-08-08 11:40:32: Error parsing DATABASE_URL: Cannot read properties of undefined (reading 'match')
2025-08-08 11:40:45: Error parsing DATABASE_URL: Cannot read properties of undefined (reading 'match')
2025-08-08 11:41:00: Error parsing DATABASE_URL: Cannot read properties of undefined (reading 'match')
2025-08-08 11:41:17: Error parsing DATABASE_URL: Cannot read properties of undefined (reading 'match')
2025-08-08 11:41:30: Error parsing DATABASE_URL: Cannot read properties of undefined (reading 'match')
2025-08-08 11:41:43: Error parsing DATABASE_URL: Cannot read properties of undefined (reading 'match')
2025-08-08 11:41:56: Error parsing DATABASE_URL: Cannot read properties of undefined (reading 'match')
2025-08-08 11:42:10: Error parsing DATABASE_URL: Cannot read properties of undefined (reading 'match')
2025-08-08 11:42:25: Error parsing DATABASE_URL: Cannot read properties of undefined (reading 'match')
2025-08-08 11:42:38: Error parsing DATABASE_URL: Cannot read properties of undefined (reading 'match')
2025-08-08 11:42:51: Error parsing DATABASE_URL: Cannot read properties of undefined (reading 'match')
2025-08-08 11:43:06: Error parsing DATABASE_URL: Cannot read properties of undefined (reading 'match')
2025-08-08 11:43:19: Error parsing DATABASE_URL: Cannot read properties of undefined (reading 'match')
2025-08-08 11:43:32: Error parsing DATABASE_URL: Cannot read properties of undefined (reading 'match')
2025-08-08 11:43:47: Error parsing DATABASE_URL: Cannot read properties of undefined (reading 'match')
2025-08-08 11:44:02: Error parsing DATABASE_URL: Cannot read properties of undefined (reading 'match')
2025-08-08 11:44:15: Error parsing DATABASE_URL: Cannot read properties of undefined (reading 'match')
2025-08-08 11:44:30: Error parsing DATABASE_URL: Cannot read properties of undefined (reading 'match')
2025-08-08 11:44:46: Error parsing DATABASE_URL: Cannot read properties of undefined (reading 'match')
2025-08-08 11:44:59: Error parsing DATABASE_URL: Cannot read properties of undefined (reading 'match')
2025-08-08 11:45:12: Error parsing DATABASE_URL: Cannot read properties of undefined (reading 'match')
2025-08-08 11:45:25: Error parsing DATABASE_URL: Cannot read properties of undefined (reading 'match')
2025-08-08 11:45:38: Error parsing DATABASE_URL: Cannot read properties of undefined (reading 'match')
2025-08-08 11:45:53: Error parsing DATABASE_URL: Cannot read properties of undefined (reading 'match')
2025-08-08 11:46:08: Error parsing DATABASE_URL: Cannot read properties of undefined (reading 'match')
2025-08-08 11:46:21: Error parsing DATABASE_URL: Cannot read properties of undefined (reading 'match')
2025-08-08 11:46:35: Error parsing DATABASE_URL: Cannot read properties of undefined (reading 'match')
2025-08-08 11:46:47: Error parsing DATABASE_URL: Cannot read properties of undefined (reading 'match')
2025-08-08 11:47:01: Error parsing DATABASE_URL: Cannot read properties of undefined (reading 'match')
2025-08-08 11:47:14: Error parsing DATABASE_URL: Cannot read properties of undefined (reading 'match')
2025-08-08 11:47:27: Error parsing DATABASE_URL: Cannot read properties of undefined (reading 'match')
2025-08-08 11:47:40: Error parsing DATABASE_URL: Cannot read properties of undefined (reading 'match')
2025-08-08 11:47:53: Error parsing DATABASE_URL: Cannot read properties of undefined (reading 'match')
2025-08-08 11:48:06: Error parsing DATABASE_URL: Cannot read properties of undefined (reading 'match')
2025-08-08 11:48:19: Error parsing DATABASE_URL: Cannot read properties of undefined (reading 'match')
2025-08-08 11:48:34: Error parsing DATABASE_URL: Cannot read properties of undefined (reading 'match')
2025-08-08 11:48:47: Error parsing DATABASE_URL: Cannot read properties of undefined (reading 'match')
2025-08-08 11:49:00: Error parsing DATABASE_URL: Cannot read properties of undefined (reading 'match')
2025-08-08 11:49:15: Error parsing DATABASE_URL: Cannot read properties of undefined (reading 'match')
2025-08-08 11:49:28: Error parsing DATABASE_URL: Cannot read properties of undefined (reading 'match')
2025-08-08 11:49:41: Error parsing DATABASE_URL: Cannot read properties of undefined (reading 'match')
2025-08-08 11:49:54: Error parsing DATABASE_URL: Cannot read properties of undefined (reading 'match')
2025-08-08 11:50:07: Error parsing DATABASE_URL: Cannot read properties of undefined (reading 'match')
2025-08-08 11:50:21: Error parsing DATABASE_URL: Cannot read properties of undefined (reading 'match')
2025-08-08 11:50:34: Error parsing DATABASE_URL: Cannot read properties of undefined (reading 'match')
2025-08-08 11:50:47: Error parsing DATABASE_URL: Cannot read properties of undefined (reading 'match')
2025-08-08 11:51:00: Error parsing DATABASE_URL: Cannot read properties of undefined (reading 'match')
2025-08-08 11:51:13: Error parsing DATABASE_URL: Cannot read properties of undefined (reading 'match')
2025-08-08 11:51:26: Error parsing DATABASE_URL: Cannot read properties of undefined (reading 'match')
2025-08-08 11:51:39: Error parsing DATABASE_URL: Cannot read properties of undefined (reading 'match')
2025-08-08 11:51:52: Error parsing DATABASE_URL: Cannot read properties of undefined (reading 'match')
2025-08-08 11:52:07: Error parsing DATABASE_URL: Cannot read properties of undefined (reading 'match')
2025-08-08 11:52:20: Error parsing DATABASE_URL: Cannot read properties of undefined (reading 'match')
2025-08-08 11:52:33: Error parsing DATABASE_URL: Cannot read properties of undefined (reading 'match')
2025-08-08 11:52:49: Error parsing DATABASE_URL: Cannot read properties of undefined (reading 'match')
2025-08-08 11:53:04: Error parsing DATABASE_URL: Cannot read properties of undefined (reading 'match')
2025-08-08 11:53:19: Error parsing DATABASE_URL: Cannot read properties of undefined (reading 'match')
2025-08-08 11:53:32: Error parsing DATABASE_URL: Cannot read properties of undefined (reading 'match')
2025-08-08 11:53:45: Error parsing DATABASE_URL: Cannot read properties of undefined (reading 'match')
2025-08-08 11:53:58: Error parsing DATABASE_URL: Cannot read properties of undefined (reading 'match')
2025-08-08 11:54:11: Error parsing DATABASE_URL: Cannot read properties of undefined (reading 'match')
2025-08-08 11:54:24: Error parsing DATABASE_URL: Cannot read properties of undefined (reading 'match')
2025-08-08 11:54:37: Error parsing DATABASE_URL: Cannot read properties of undefined (reading 'match')
2025-08-08 11:54:50: Error parsing DATABASE_URL: Cannot read properties of undefined (reading 'match')
2025-08-08 11:55:03: Error parsing DATABASE_URL: Cannot read properties of undefined (reading 'match')
2025-08-08 11:55:16: Error parsing DATABASE_URL: Cannot read properties of undefined (reading 'match')
2025-08-08 11:55:42: Error parsing DATABASE_URL: Cannot read properties of undefined (reading 'match')
2025-08-08 11:55:55: Error parsing DATABASE_URL: Cannot read properties of undefined (reading 'match')
2025-08-08 11:56:08: Error parsing DATABASE_URL: Cannot read properties of undefined (reading 'match')
2025-08-08 11:56:21: Error parsing DATABASE_URL: Cannot read properties of undefined (reading 'match')
2025-08-08 11:56:36: Error parsing DATABASE_URL: Cannot read properties of undefined (reading 'match')
2025-08-08 11:56:50: Error parsing DATABASE_URL: Cannot read properties of undefined (reading 'match')
2025-08-08 11:57:03: Error parsing DATABASE_URL: Cannot read properties of undefined (reading 'match')
2025-08-08 11:57:16: Error parsing DATABASE_URL: Cannot read properties of undefined (reading 'match')
2025-08-08 11:57:29: Error parsing DATABASE_URL: Cannot read properties of undefined (reading 'match')
2025-08-08 11:57:42: Error parsing DATABASE_URL: Cannot read properties of undefined (reading 'match')
2025-08-08 11:57:55: Error parsing DATABASE_URL: Cannot read properties of undefined (reading 'match')
2025-08-08 11:58:08: Error parsing DATABASE_URL: Cannot read properties of undefined (reading 'match')
2025-08-08 11:58:21: Error parsing DATABASE_URL: Cannot read properties of undefined (reading 'match')
2025-08-08 17:46:55: Error parsing DATABASE_URL: Cannot read properties of undefined (reading 'match')
2025-08-08 17:47:13: Error parsing DATABASE_URL: Cannot read properties of undefined (reading 'match')
2025-08-08 17:47:29: Error parsing DATABASE_URL: Cannot read properties of undefined (reading 'match')
2025-08-08 17:47:44: Error parsing DATABASE_URL: Cannot read properties of undefined (reading 'match')
2025-08-08 17:47:57: Error parsing DATABASE_URL: Cannot read properties of undefined (reading 'match')
2025-08-08 17:48:10: Error parsing DATABASE_URL: Cannot read properties of undefined (reading 'match')
2025-08-08 17:48:28: Error parsing DATABASE_URL: Cannot read properties of undefined (reading 'match')
2025-08-08 17:48:41: Error parsing DATABASE_URL: Cannot read properties of undefined (reading 'match')
2025-08-08 17:48:56: Error parsing DATABASE_URL: Cannot read properties of undefined (reading 'match')
2025-08-08 17:49:10: Error parsing DATABASE_URL: Cannot read properties of undefined (reading 'match')
2025-08-08 17:49:25: Error parsing DATABASE_URL: Cannot read properties of undefined (reading 'match')
2025-08-08 17:49:38: Error parsing DATABASE_URL: Cannot read properties of undefined (reading 'match')
2025-08-08 17:49:54: Error parsing DATABASE_URL: Cannot read properties of undefined (reading 'match')
2025-08-08 17:50:10: Error parsing DATABASE_URL: Cannot read properties of undefined (reading 'match')
2025-08-08 17:50:25: Error parsing DATABASE_URL: Cannot read properties of undefined (reading 'match')
2025-08-08 17:50:39: Error parsing DATABASE_URL: Cannot read properties of undefined (reading 'match')
2025-08-08 17:50:52: Error parsing DATABASE_URL: Cannot read properties of undefined (reading 'match')
2025-08-08 17:51:08: Error parsing DATABASE_URL: Cannot read properties of undefined (reading 'match')
2025-08-08 17:52:42: ReferenceError: require is not defined in ES module scope, you can use import instead
2025-08-08 17:52:42: This file is being treated as an ES module because it has a '.js' file extension and '/app/backend/package.json' contains "type": "module". To treat it as a CommonJS script, rename it to use the '.cjs' file extension.
2025-08-08 17:52:42:     at file:///app/backend/scripts/automated-backup.js:18:1
2025-08-08 17:52:42:     at ModuleJob.run (node:internal/modules/esm/module_job:195:25)
2025-08-08 17:52:42:     at async ModuleLoader.import (node:internal/modules/esm/loader:337:24)
2025-08-08 17:52:42:     at async importModuleDynamicallyWrapper (node:internal/vm/module:432:15)
2025-08-08 18:11:09: Error parsing DATABASE_URL: Cannot read properties of undefined (reading 'match')
2025-08-08 18:11:31: Error parsing DATABASE_URL: Cannot read properties of undefined (reading 'match')
2025-08-08 18:17:05: Error parsing DATABASE_URL: Cannot read properties of undefined (reading 'match')
2025-08-08 18:23:27: Error parsing DATABASE_URL: Cannot read properties of undefined (reading 'match')
2025-08-08 18:23:46: Error parsing DATABASE_URL: Cannot read properties of undefined (reading 'match')
2025-08-08 18:24:04: Error parsing DATABASE_URL: Cannot read properties of undefined (reading 'match')
2025-08-08 18:24:26: Error parsing DATABASE_URL: Cannot read properties of undefined (reading 'match')
2025-08-08 18:24:46: Error parsing DATABASE_URL: Cannot read properties of undefined (reading 'match')
2025-08-08 18:25:03: Error parsing DATABASE_URL: Cannot read properties of undefined (reading 'match')
2025-08-08 18:27:41: Error parsing DATABASE_URL: Cannot read properties of undefined (reading 'match')
2025-08-08 18:27:59: Error parsing DATABASE_URL: Cannot read properties of undefined (reading 'match')
2025-08-08 18:28:19: Error parsing DATABASE_URL: Cannot read properties of undefined (reading 'match')
2025-08-08 18:28:37: Error parsing DATABASE_URL: Cannot read properties of undefined (reading 'match')
2025-08-08 18:28:56: Error parsing DATABASE_URL: Cannot read properties of undefined (reading 'match')
