You have triggered an unhandledRejection, you may have forgotten to catch a Promise rejection:
ReferenceError: require is not defined in ES module scope, you can use import instead
This file is being treated as an ES module because it has a '.js' file extension and '/app/backend/package.json' contains "type": "module". To treat it as a CommonJS script, rename it to use the '.cjs' file extension.
    at file:///app/backend/server.js:1:17
    at ModuleJob.run (node:internal/modules/esm/module_job:195:25)
    at async ModuleLoader.import (node:internal/modules/esm/loader:337:24)
    at async importModuleDynamicallyWrapper (node:internal/vm/module:432:15)
You have triggered an unhandledRejection, you may have forgotten to catch a Promise rejection:
ReferenceError: require is not defined in ES module scope, you can use import instead
This file is being treated as an ES module because it has a '.js' file extension and '/app/backend/package.json' contains "type": "module". To treat it as a CommonJS script, rename it to use the '.cjs' file extension.
    at file:///app/backend/server.js:1:17
    at ModuleJob.run (node:internal/modules/esm/module_job:195:25)
    at async ModuleLoader.import (node:internal/modules/esm/loader:337:24)
    at async importModuleDynamicallyWrapper (node:internal/vm/module:432:15)
You have triggered an unhandledRejection, you may have forgotten to catch a Promise rejection:
ReferenceError: require is not defined in ES module scope, you can use import instead
This file is being treated as an ES module because it has a '.js' file extension and '/app/backend/package.json' contains "type": "module". To treat it as a CommonJS script, rename it to use the '.cjs' file extension.
    at file:///app/backend/server.js:1:17
    at ModuleJob.run (node:internal/modules/esm/module_job:195:25)
    at async ModuleLoader.import (node:internal/modules/esm/loader:337:24)
    at async importModuleDynamicallyWrapper (node:internal/vm/module:432:15)
You have triggered an unhandledRejection, you may have forgotten to catch a Promise rejection:
ReferenceError: require is not defined in ES module scope, you can use import instead
This file is being treated as an ES module because it has a '.js' file extension and '/app/backend/package.json' contains "type": "module". To treat it as a CommonJS script, rename it to use the '.cjs' file extension.
    at file:///app/backend/server.js:1:17
    at ModuleJob.run (node:internal/modules/esm/module_job:195:25)
    at async ModuleLoader.import (node:internal/modules/esm/loader:337:24)
    at async importModuleDynamicallyWrapper (node:internal/vm/module:432:15)
You have triggered an unhandledRejection, you may have forgotten to catch a Promise rejection:
ReferenceError: require is not defined in ES module scope, you can use import instead
This file is being treated as an ES module because it has a '.js' file extension and '/app/backend/package.json' contains "type": "module". To treat it as a CommonJS script, rename it to use the '.cjs' file extension.
    at file:///app/backend/server.js:1:17
    at ModuleJob.run (node:internal/modules/esm/module_job:195:25)
    at async ModuleLoader.import (node:internal/modules/esm/loader:337:24)
    at async importModuleDynamicallyWrapper (node:internal/vm/module:432:15)
You have triggered an unhandledRejection, you may have forgotten to catch a Promise rejection:
ReferenceError: require is not defined in ES module scope, you can use import instead
This file is being treated as an ES module because it has a '.js' file extension and '/app/backend/package.json' contains "type": "module". To treat it as a CommonJS script, rename it to use the '.cjs' file extension.
    at file:///app/backend/server.js:1:17
    at ModuleJob.run (node:internal/modules/esm/module_job:195:25)
    at async ModuleLoader.import (node:internal/modules/esm/loader:337:24)
    at async importModuleDynamicallyWrapper (node:internal/vm/module:432:15)
You have triggered an unhandledRejection, you may have forgotten to catch a Promise rejection:
ReferenceError: require is not defined in ES module scope, you can use import instead
This file is being treated as an ES module because it has a '.js' file extension and '/app/backend/package.json' contains "type": "module". To treat it as a CommonJS script, rename it to use the '.cjs' file extension.
    at file:///app/backend/server.js:1:17
    at ModuleJob.run (node:internal/modules/esm/module_job:195:25)
    at async ModuleLoader.import (node:internal/modules/esm/loader:337:24)
    at async importModuleDynamicallyWrapper (node:internal/vm/module:432:15)
You have triggered an unhandledRejection, you may have forgotten to catch a Promise rejection:
ReferenceError: require is not defined in ES module scope, you can use import instead
This file is being treated as an ES module because it has a '.js' file extension and '/app/backend/package.json' contains "type": "module". To treat it as a CommonJS script, rename it to use the '.cjs' file extension.
    at file:///app/backend/server.js:1:17
    at ModuleJob.run (node:internal/modules/esm/module_job:195:25)
    at async ModuleLoader.import (node:internal/modules/esm/loader:337:24)
    at async importModuleDynamicallyWrapper (node:internal/vm/module:432:15)
