2025-08-08 10:59:21: Error: Cannot find module './services/reportService'
2025-08-08 10:59:21: Require stack:
2025-08-08 10:59:21: - /app/backend/services/taskScheduler.js
2025-08-08 10:59:21: - /app/backend/scheduler.js
2025-08-08 10:59:21:     at Module._resolveFilename (node:internal/modules/cjs/loader:1140:15)
2025-08-08 10:59:21:     at Hook._require.Module.require (/usr/local/lib/node_modules/pm2/node_modules/require-in-the-middle/index.js:81:25)
2025-08-08 10:59:21:     at require (node:internal/modules/helpers:177:18)
2025-08-08 10:59:21:     at Object.<anonymous> (/app/backend/services/taskScheduler.js:8:27)
2025-08-08 10:59:21:     at Module._compile (node:internal/modules/cjs/loader:1364:14)
2025-08-08 10:59:21:     at Module._extensions..js (node:internal/modules/cjs/loader:1422:10)
2025-08-08 10:59:21:     at Module.load (node:internal/modules/cjs/loader:1203:32)
2025-08-08 10:59:21:     at Module._load (node:internal/modules/cjs/loader:1019:12)
2025-08-08 10:59:21:     at Module.require (node:internal/modules/cjs/loader:1231:19)
2025-08-08 10:59:21:     at Hook._require.Module.require (/usr/local/lib/node_modules/pm2/node_modules/require-in-the-middle/index.js:101:39) {
2025-08-08 10:59:21:   code: 'MODULE_NOT_FOUND',
2025-08-08 10:59:21:   requireStack: [
2025-08-08 10:59:21:     '/app/backend/services/taskScheduler.js',
2025-08-08 10:59:21:     '/app/backend/scheduler.js'
2025-08-08 10:59:21:   ]
2025-08-08 10:59:21: }
2025-08-08 10:59:22: Error: Cannot find module './services/reportService'
2025-08-08 10:59:22: Require stack:
2025-08-08 10:59:22: - /app/backend/services/taskScheduler.js
2025-08-08 10:59:22: - /app/backend/scheduler.js
2025-08-08 10:59:22:     at Module._resolveFilename (node:internal/modules/cjs/loader:1140:15)
2025-08-08 10:59:22:     at Hook._require.Module.require (/usr/local/lib/node_modules/pm2/node_modules/require-in-the-middle/index.js:81:25)
2025-08-08 10:59:22:     at require (node:internal/modules/helpers:177:18)
2025-08-08 10:59:22:     at Object.<anonymous> (/app/backend/services/taskScheduler.js:8:27)
2025-08-08 10:59:22:     at Module._compile (node:internal/modules/cjs/loader:1364:14)
2025-08-08 10:59:22:     at Module._extensions..js (node:internal/modules/cjs/loader:1422:10)
2025-08-08 10:59:22:     at Module.load (node:internal/modules/cjs/loader:1203:32)
2025-08-08 10:59:22:     at Module._load (node:internal/modules/cjs/loader:1019:12)
2025-08-08 10:59:22:     at Module.require (node:internal/modules/cjs/loader:1231:19)
2025-08-08 10:59:22:     at Hook._require.Module.require (/usr/local/lib/node_modules/pm2/node_modules/require-in-the-middle/index.js:101:39) {
2025-08-08 10:59:22:   code: 'MODULE_NOT_FOUND',
2025-08-08 10:59:22:   requireStack: [
2025-08-08 10:59:22:     '/app/backend/services/taskScheduler.js',
2025-08-08 10:59:22:     '/app/backend/scheduler.js'
2025-08-08 10:59:22:   ]
2025-08-08 10:59:22: }
2025-08-08 10:59:22: Error: Cannot find module './services/reportService'
2025-08-08 10:59:22: Require stack:
2025-08-08 10:59:22: - /app/backend/services/taskScheduler.js
2025-08-08 10:59:22: - /app/backend/scheduler.js
2025-08-08 10:59:22:     at Module._resolveFilename (node:internal/modules/cjs/loader:1140:15)
2025-08-08 10:59:22:     at Hook._require.Module.require (/usr/local/lib/node_modules/pm2/node_modules/require-in-the-middle/index.js:81:25)
2025-08-08 10:59:22:     at require (node:internal/modules/helpers:177:18)
2025-08-08 10:59:22:     at Object.<anonymous> (/app/backend/services/taskScheduler.js:8:27)
2025-08-08 10:59:22:     at Module._compile (node:internal/modules/cjs/loader:1364:14)
2025-08-08 10:59:22:     at Module._extensions..js (node:internal/modules/cjs/loader:1422:10)
2025-08-08 10:59:22:     at Module.load (node:internal/modules/cjs/loader:1203:32)
2025-08-08 10:59:22:     at Module._load (node:internal/modules/cjs/loader:1019:12)
2025-08-08 10:59:22:     at Module.require (node:internal/modules/cjs/loader:1231:19)
2025-08-08 10:59:22:     at Hook._require.Module.require (/usr/local/lib/node_modules/pm2/node_modules/require-in-the-middle/index.js:101:39) {
2025-08-08 10:59:22:   code: 'MODULE_NOT_FOUND',
2025-08-08 10:59:22:   requireStack: [
2025-08-08 10:59:22:     '/app/backend/services/taskScheduler.js',
2025-08-08 10:59:22:     '/app/backend/scheduler.js'
2025-08-08 10:59:22:   ]
2025-08-08 10:59:22: }
2025-08-08 10:59:23: Error: Cannot find module './services/reportService'
2025-08-08 10:59:23: Require stack:
2025-08-08 10:59:23: - /app/backend/services/taskScheduler.js
2025-08-08 10:59:23: - /app/backend/scheduler.js
2025-08-08 10:59:23:     at Module._resolveFilename (node:internal/modules/cjs/loader:1140:15)
2025-08-08 10:59:23:     at Hook._require.Module.require (/usr/local/lib/node_modules/pm2/node_modules/require-in-the-middle/index.js:81:25)
2025-08-08 10:59:23:     at require (node:internal/modules/helpers:177:18)
2025-08-08 10:59:23:     at Object.<anonymous> (/app/backend/services/taskScheduler.js:8:27)
2025-08-08 10:59:23:     at Module._compile (node:internal/modules/cjs/loader:1364:14)
2025-08-08 10:59:23:     at Module._extensions..js (node:internal/modules/cjs/loader:1422:10)
2025-08-08 10:59:23:     at Module.load (node:internal/modules/cjs/loader:1203:32)
2025-08-08 10:59:23:     at Module._load (node:internal/modules/cjs/loader:1019:12)
2025-08-08 10:59:23:     at Module.require (node:internal/modules/cjs/loader:1231:19)
2025-08-08 10:59:23:     at Hook._require.Module.require (/usr/local/lib/node_modules/pm2/node_modules/require-in-the-middle/index.js:101:39) {
2025-08-08 10:59:23:   code: 'MODULE_NOT_FOUND',
2025-08-08 10:59:23:   requireStack: [
2025-08-08 10:59:23:     '/app/backend/services/taskScheduler.js',
2025-08-08 10:59:23:     '/app/backend/scheduler.js'
2025-08-08 10:59:23:   ]
2025-08-08 10:59:23: }
2025-08-08 10:59:23: Error: Cannot find module './services/reportService'
2025-08-08 10:59:23: Require stack:
2025-08-08 10:59:23: - /app/backend/services/taskScheduler.js
2025-08-08 10:59:23: - /app/backend/scheduler.js
2025-08-08 10:59:23:     at Module._resolveFilename (node:internal/modules/cjs/loader:1140:15)
2025-08-08 10:59:23:     at Hook._require.Module.require (/usr/local/lib/node_modules/pm2/node_modules/require-in-the-middle/index.js:81:25)
2025-08-08 10:59:23:     at require (node:internal/modules/helpers:177:18)
2025-08-08 10:59:23:     at Object.<anonymous> (/app/backend/services/taskScheduler.js:8:27)
2025-08-08 10:59:23:     at Module._compile (node:internal/modules/cjs/loader:1364:14)
2025-08-08 10:59:23:     at Module._extensions..js (node:internal/modules/cjs/loader:1422:10)
2025-08-08 10:59:23:     at Module.load (node:internal/modules/cjs/loader:1203:32)
2025-08-08 10:59:23:     at Module._load (node:internal/modules/cjs/loader:1019:12)
2025-08-08 10:59:23:     at Module.require (node:internal/modules/cjs/loader:1231:19)
2025-08-08 10:59:23:     at Hook._require.Module.require (/usr/local/lib/node_modules/pm2/node_modules/require-in-the-middle/index.js:101:39) {
2025-08-08 10:59:23:   code: 'MODULE_NOT_FOUND',
2025-08-08 10:59:23:   requireStack: [
2025-08-08 10:59:23:     '/app/backend/services/taskScheduler.js',
2025-08-08 10:59:23:     '/app/backend/scheduler.js'
2025-08-08 10:59:23:   ]
2025-08-08 10:59:23: }
2025-08-08 10:59:24: Error: Cannot find module './services/reportService'
2025-08-08 10:59:24: Require stack:
2025-08-08 10:59:24: - /app/backend/services/taskScheduler.js
2025-08-08 10:59:24: - /app/backend/scheduler.js
2025-08-08 10:59:24:     at Module._resolveFilename (node:internal/modules/cjs/loader:1140:15)
2025-08-08 10:59:24:     at Hook._require.Module.require (/usr/local/lib/node_modules/pm2/node_modules/require-in-the-middle/index.js:81:25)
2025-08-08 10:59:24:     at require (node:internal/modules/helpers:177:18)
2025-08-08 10:59:24:     at Object.<anonymous> (/app/backend/services/taskScheduler.js:8:27)
2025-08-08 10:59:24:     at Module._compile (node:internal/modules/cjs/loader:1364:14)
2025-08-08 10:59:24:     at Module._extensions..js (node:internal/modules/cjs/loader:1422:10)
2025-08-08 10:59:24:     at Module.load (node:internal/modules/cjs/loader:1203:32)
2025-08-08 10:59:24:     at Module._load (node:internal/modules/cjs/loader:1019:12)
2025-08-08 10:59:24:     at Module.require (node:internal/modules/cjs/loader:1231:19)
2025-08-08 10:59:24:     at Hook._require.Module.require (/usr/local/lib/node_modules/pm2/node_modules/require-in-the-middle/index.js:101:39) {
2025-08-08 10:59:24:   code: 'MODULE_NOT_FOUND',
2025-08-08 10:59:24:   requireStack: [
2025-08-08 10:59:24:     '/app/backend/services/taskScheduler.js',
2025-08-08 10:59:24:     '/app/backend/scheduler.js'
2025-08-08 10:59:24:   ]
2025-08-08 10:59:24: }
2025-08-08 10:59:24: Error: Cannot find module './services/reportService'
2025-08-08 10:59:24: Require stack:
2025-08-08 10:59:24: - /app/backend/services/taskScheduler.js
2025-08-08 10:59:24: - /app/backend/scheduler.js
2025-08-08 10:59:24:     at Module._resolveFilename (node:internal/modules/cjs/loader:1140:15)
2025-08-08 10:59:24:     at Hook._require.Module.require (/usr/local/lib/node_modules/pm2/node_modules/require-in-the-middle/index.js:81:25)
2025-08-08 10:59:24:     at require (node:internal/modules/helpers:177:18)
2025-08-08 10:59:24:     at Object.<anonymous> (/app/backend/services/taskScheduler.js:8:27)
2025-08-08 10:59:24:     at Module._compile (node:internal/modules/cjs/loader:1364:14)
2025-08-08 10:59:24:     at Module._extensions..js (node:internal/modules/cjs/loader:1422:10)
2025-08-08 10:59:24:     at Module.load (node:internal/modules/cjs/loader:1203:32)
2025-08-08 10:59:24:     at Module._load (node:internal/modules/cjs/loader:1019:12)
2025-08-08 10:59:24:     at Module.require (node:internal/modules/cjs/loader:1231:19)
2025-08-08 10:59:24:     at Hook._require.Module.require (/usr/local/lib/node_modules/pm2/node_modules/require-in-the-middle/index.js:101:39) {
2025-08-08 10:59:24:   code: 'MODULE_NOT_FOUND',
2025-08-08 10:59:24:   requireStack: [
2025-08-08 10:59:24:     '/app/backend/services/taskScheduler.js',
2025-08-08 10:59:24:     '/app/backend/scheduler.js'
2025-08-08 10:59:24:   ]
2025-08-08 10:59:24: }
2025-08-08 10:59:25: Error: Cannot find module './services/reportService'
2025-08-08 10:59:25: Require stack:
2025-08-08 10:59:25: - /app/backend/services/taskScheduler.js
2025-08-08 10:59:25: - /app/backend/scheduler.js
2025-08-08 10:59:25:     at Module._resolveFilename (node:internal/modules/cjs/loader:1140:15)
2025-08-08 10:59:25:     at Hook._require.Module.require (/usr/local/lib/node_modules/pm2/node_modules/require-in-the-middle/index.js:81:25)
2025-08-08 10:59:25:     at require (node:internal/modules/helpers:177:18)
2025-08-08 10:59:25:     at Object.<anonymous> (/app/backend/services/taskScheduler.js:8:27)
2025-08-08 10:59:25:     at Module._compile (node:internal/modules/cjs/loader:1364:14)
2025-08-08 10:59:25:     at Module._extensions..js (node:internal/modules/cjs/loader:1422:10)
2025-08-08 10:59:25:     at Module.load (node:internal/modules/cjs/loader:1203:32)
2025-08-08 10:59:25:     at Module._load (node:internal/modules/cjs/loader:1019:12)
2025-08-08 10:59:25:     at Module.require (node:internal/modules/cjs/loader:1231:19)
2025-08-08 10:59:25:     at Hook._require.Module.require (/usr/local/lib/node_modules/pm2/node_modules/require-in-the-middle/index.js:101:39) {
2025-08-08 10:59:25:   code: 'MODULE_NOT_FOUND',
2025-08-08 10:59:25:   requireStack: [
2025-08-08 10:59:25:     '/app/backend/services/taskScheduler.js',
2025-08-08 10:59:25:     '/app/backend/scheduler.js'
2025-08-08 10:59:25:   ]
2025-08-08 10:59:25: }
2025-08-08 10:59:25: Error: Cannot find module './services/reportService'
2025-08-08 10:59:25: Require stack:
2025-08-08 10:59:25: - /app/backend/services/taskScheduler.js
2025-08-08 10:59:25: - /app/backend/scheduler.js
2025-08-08 10:59:25:     at Module._resolveFilename (node:internal/modules/cjs/loader:1140:15)
2025-08-08 10:59:25:     at Hook._require.Module.require (/usr/local/lib/node_modules/pm2/node_modules/require-in-the-middle/index.js:81:25)
2025-08-08 10:59:25:     at require (node:internal/modules/helpers:177:18)
2025-08-08 10:59:25:     at Object.<anonymous> (/app/backend/services/taskScheduler.js:8:27)
2025-08-08 10:59:25:     at Module._compile (node:internal/modules/cjs/loader:1364:14)
2025-08-08 10:59:25:     at Module._extensions..js (node:internal/modules/cjs/loader:1422:10)
2025-08-08 10:59:25:     at Module.load (node:internal/modules/cjs/loader:1203:32)
2025-08-08 10:59:25:     at Module._load (node:internal/modules/cjs/loader:1019:12)
2025-08-08 10:59:25:     at Module.require (node:internal/modules/cjs/loader:1231:19)
2025-08-08 10:59:25:     at Hook._require.Module.require (/usr/local/lib/node_modules/pm2/node_modules/require-in-the-middle/index.js:101:39) {
2025-08-08 10:59:25:   code: 'MODULE_NOT_FOUND',
2025-08-08 10:59:25:   requireStack: [
2025-08-08 10:59:25:     '/app/backend/services/taskScheduler.js',
2025-08-08 10:59:25:     '/app/backend/scheduler.js'
2025-08-08 10:59:25:   ]
2025-08-08 10:59:25: }
2025-08-08 10:59:25: Error: Cannot find module './services/reportService'
2025-08-08 10:59:25: Require stack:
2025-08-08 10:59:25: - /app/backend/services/taskScheduler.js
2025-08-08 10:59:25: - /app/backend/scheduler.js
2025-08-08 10:59:25:     at Module._resolveFilename (node:internal/modules/cjs/loader:1140:15)
2025-08-08 10:59:25:     at Hook._require.Module.require (/usr/local/lib/node_modules/pm2/node_modules/require-in-the-middle/index.js:81:25)
2025-08-08 10:59:25:     at require (node:internal/modules/helpers:177:18)
2025-08-08 10:59:25:     at Object.<anonymous> (/app/backend/services/taskScheduler.js:8:27)
2025-08-08 10:59:25:     at Module._compile (node:internal/modules/cjs/loader:1364:14)
2025-08-08 10:59:25:     at Module._extensions..js (node:internal/modules/cjs/loader:1422:10)
2025-08-08 10:59:25:     at Module.load (node:internal/modules/cjs/loader:1203:32)
2025-08-08 10:59:25:     at Module._load (node:internal/modules/cjs/loader:1019:12)
2025-08-08 10:59:25:     at Module.require (node:internal/modules/cjs/loader:1231:19)
2025-08-08 10:59:25:     at Hook._require.Module.require (/usr/local/lib/node_modules/pm2/node_modules/require-in-the-middle/index.js:101:39) {
2025-08-08 10:59:25:   code: 'MODULE_NOT_FOUND',
2025-08-08 10:59:25:   requireStack: [
2025-08-08 10:59:25:     '/app/backend/services/taskScheduler.js',
2025-08-08 10:59:25:     '/app/backend/scheduler.js'
2025-08-08 10:59:25:   ]
2025-08-08 10:59:25: }
2025-08-08 10:59:26: Error: Cannot find module './services/reportService'
2025-08-08 10:59:26: Require stack:
2025-08-08 10:59:26: - /app/backend/services/taskScheduler.js
2025-08-08 10:59:26: - /app/backend/scheduler.js
2025-08-08 10:59:26:     at Module._resolveFilename (node:internal/modules/cjs/loader:1140:15)
2025-08-08 10:59:26:     at Hook._require.Module.require (/usr/local/lib/node_modules/pm2/node_modules/require-in-the-middle/index.js:81:25)
2025-08-08 10:59:26:     at require (node:internal/modules/helpers:177:18)
2025-08-08 10:59:26:     at Object.<anonymous> (/app/backend/services/taskScheduler.js:8:27)
2025-08-08 10:59:26:     at Module._compile (node:internal/modules/cjs/loader:1364:14)
2025-08-08 10:59:26:     at Module._extensions..js (node:internal/modules/cjs/loader:1422:10)
2025-08-08 10:59:26:     at Module.load (node:internal/modules/cjs/loader:1203:32)
2025-08-08 10:59:26:     at Module._load (node:internal/modules/cjs/loader:1019:12)
2025-08-08 10:59:26:     at Module.require (node:internal/modules/cjs/loader:1231:19)
2025-08-08 10:59:26:     at Hook._require.Module.require (/usr/local/lib/node_modules/pm2/node_modules/require-in-the-middle/index.js:101:39) {
2025-08-08 10:59:26:   code: 'MODULE_NOT_FOUND',
2025-08-08 10:59:26:   requireStack: [
2025-08-08 10:59:26:     '/app/backend/services/taskScheduler.js',
2025-08-08 10:59:26:     '/app/backend/scheduler.js'
2025-08-08 10:59:26:   ]
2025-08-08 10:59:26: }
2025-08-08 10:59:26: Error: Cannot find module './services/reportService'
2025-08-08 10:59:26: Require stack:
2025-08-08 10:59:26: - /app/backend/services/taskScheduler.js
2025-08-08 10:59:26: - /app/backend/scheduler.js
2025-08-08 10:59:26:     at Module._resolveFilename (node:internal/modules/cjs/loader:1140:15)
2025-08-08 10:59:26:     at Hook._require.Module.require (/usr/local/lib/node_modules/pm2/node_modules/require-in-the-middle/index.js:81:25)
2025-08-08 10:59:26:     at require (node:internal/modules/helpers:177:18)
2025-08-08 10:59:26:     at Object.<anonymous> (/app/backend/services/taskScheduler.js:8:27)
2025-08-08 10:59:26:     at Module._compile (node:internal/modules/cjs/loader:1364:14)
2025-08-08 10:59:26:     at Module._extensions..js (node:internal/modules/cjs/loader:1422:10)
2025-08-08 10:59:26:     at Module.load (node:internal/modules/cjs/loader:1203:32)
2025-08-08 10:59:26:     at Module._load (node:internal/modules/cjs/loader:1019:12)
2025-08-08 10:59:26:     at Module.require (node:internal/modules/cjs/loader:1231:19)
2025-08-08 10:59:26:     at Hook._require.Module.require (/usr/local/lib/node_modules/pm2/node_modules/require-in-the-middle/index.js:101:39) {
2025-08-08 10:59:26:   code: 'MODULE_NOT_FOUND',
2025-08-08 10:59:26:   requireStack: [
2025-08-08 10:59:26:     '/app/backend/services/taskScheduler.js',
2025-08-08 10:59:26:     '/app/backend/scheduler.js'
2025-08-08 10:59:26:   ]
2025-08-08 10:59:26: }
2025-08-08 10:59:26: Error: Cannot find module './services/reportService'
2025-08-08 10:59:26: Require stack:
2025-08-08 10:59:26: - /app/backend/services/taskScheduler.js
2025-08-08 10:59:26: - /app/backend/scheduler.js
2025-08-08 10:59:26:     at Module._resolveFilename (node:internal/modules/cjs/loader:1140:15)
2025-08-08 10:59:26:     at Hook._require.Module.require (/usr/local/lib/node_modules/pm2/node_modules/require-in-the-middle/index.js:81:25)
2025-08-08 10:59:26:     at require (node:internal/modules/helpers:177:18)
2025-08-08 10:59:26:     at Object.<anonymous> (/app/backend/services/taskScheduler.js:8:27)
2025-08-08 10:59:26:     at Module._compile (node:internal/modules/cjs/loader:1364:14)
2025-08-08 10:59:26:     at Module._extensions..js (node:internal/modules/cjs/loader:1422:10)
2025-08-08 10:59:26:     at Module.load (node:internal/modules/cjs/loader:1203:32)
2025-08-08 10:59:26:     at Module._load (node:internal/modules/cjs/loader:1019:12)
2025-08-08 10:59:26:     at Module.require (node:internal/modules/cjs/loader:1231:19)
2025-08-08 10:59:26:     at Hook._require.Module.require (/usr/local/lib/node_modules/pm2/node_modules/require-in-the-middle/index.js:101:39) {
2025-08-08 10:59:26:   code: 'MODULE_NOT_FOUND',
2025-08-08 10:59:26:   requireStack: [
2025-08-08 10:59:26:     '/app/backend/services/taskScheduler.js',
2025-08-08 10:59:26:     '/app/backend/scheduler.js'
2025-08-08 10:59:26:   ]
2025-08-08 10:59:26: }
2025-08-08 10:59:27: Error: Cannot find module './services/reportService'
2025-08-08 10:59:27: Require stack:
2025-08-08 10:59:27: - /app/backend/services/taskScheduler.js
2025-08-08 10:59:27: - /app/backend/scheduler.js
2025-08-08 10:59:27:     at Module._resolveFilename (node:internal/modules/cjs/loader:1140:15)
2025-08-08 10:59:27:     at Hook._require.Module.require (/usr/local/lib/node_modules/pm2/node_modules/require-in-the-middle/index.js:81:25)
2025-08-08 10:59:27:     at require (node:internal/modules/helpers:177:18)
2025-08-08 10:59:27:     at Object.<anonymous> (/app/backend/services/taskScheduler.js:8:27)
2025-08-08 10:59:27:     at Module._compile (node:internal/modules/cjs/loader:1364:14)
2025-08-08 10:59:27:     at Module._extensions..js (node:internal/modules/cjs/loader:1422:10)
2025-08-08 10:59:27:     at Module.load (node:internal/modules/cjs/loader:1203:32)
2025-08-08 10:59:27:     at Module._load (node:internal/modules/cjs/loader:1019:12)
2025-08-08 10:59:27:     at Module.require (node:internal/modules/cjs/loader:1231:19)
2025-08-08 10:59:27:     at Hook._require.Module.require (/usr/local/lib/node_modules/pm2/node_modules/require-in-the-middle/index.js:101:39) {
2025-08-08 10:59:27:   code: 'MODULE_NOT_FOUND',
2025-08-08 10:59:27:   requireStack: [
2025-08-08 10:59:27:     '/app/backend/services/taskScheduler.js',
2025-08-08 10:59:27:     '/app/backend/scheduler.js'
2025-08-08 10:59:27:   ]
2025-08-08 10:59:27: }
2025-08-08 10:59:27: Error: Cannot find module './services/reportService'
2025-08-08 10:59:27: Require stack:
2025-08-08 10:59:27: - /app/backend/services/taskScheduler.js
2025-08-08 10:59:27: - /app/backend/scheduler.js
2025-08-08 10:59:27:     at Module._resolveFilename (node:internal/modules/cjs/loader:1140:15)
2025-08-08 10:59:27:     at Hook._require.Module.require (/usr/local/lib/node_modules/pm2/node_modules/require-in-the-middle/index.js:81:25)
2025-08-08 10:59:27:     at require (node:internal/modules/helpers:177:18)
2025-08-08 10:59:27:     at Object.<anonymous> (/app/backend/services/taskScheduler.js:8:27)
2025-08-08 10:59:27:     at Module._compile (node:internal/modules/cjs/loader:1364:14)
2025-08-08 10:59:27:     at Module._extensions..js (node:internal/modules/cjs/loader:1422:10)
2025-08-08 10:59:27:     at Module.load (node:internal/modules/cjs/loader:1203:32)
2025-08-08 10:59:27:     at Module._load (node:internal/modules/cjs/loader:1019:12)
2025-08-08 10:59:27:     at Module.require (node:internal/modules/cjs/loader:1231:19)
2025-08-08 10:59:27:     at Hook._require.Module.require (/usr/local/lib/node_modules/pm2/node_modules/require-in-the-middle/index.js:101:39) {
2025-08-08 10:59:27:   code: 'MODULE_NOT_FOUND',
2025-08-08 10:59:27:   requireStack: [
2025-08-08 10:59:27:     '/app/backend/services/taskScheduler.js',
2025-08-08 10:59:27:     '/app/backend/scheduler.js'
2025-08-08 10:59:27:   ]
2025-08-08 10:59:27: }
2025-08-08 10:59:27: Error: Cannot find module './services/reportService'
2025-08-08 10:59:27: Require stack:
2025-08-08 10:59:27: - /app/backend/services/taskScheduler.js
2025-08-08 10:59:27: - /app/backend/scheduler.js
2025-08-08 10:59:27:     at Module._resolveFilename (node:internal/modules/cjs/loader:1140:15)
2025-08-08 10:59:27:     at Hook._require.Module.require (/usr/local/lib/node_modules/pm2/node_modules/require-in-the-middle/index.js:81:25)
2025-08-08 10:59:27:     at require (node:internal/modules/helpers:177:18)
2025-08-08 10:59:27:     at Object.<anonymous> (/app/backend/services/taskScheduler.js:8:27)
2025-08-08 10:59:27:     at Module._compile (node:internal/modules/cjs/loader:1364:14)
2025-08-08 10:59:27:     at Module._extensions..js (node:internal/modules/cjs/loader:1422:10)
2025-08-08 10:59:27:     at Module.load (node:internal/modules/cjs/loader:1203:32)
2025-08-08 10:59:27:     at Module._load (node:internal/modules/cjs/loader:1019:12)
2025-08-08 10:59:27:     at Module.require (node:internal/modules/cjs/loader:1231:19)
2025-08-08 10:59:27:     at Hook._require.Module.require (/usr/local/lib/node_modules/pm2/node_modules/require-in-the-middle/index.js:101:39) {
2025-08-08 10:59:27:   code: 'MODULE_NOT_FOUND',
2025-08-08 10:59:27:   requireStack: [
2025-08-08 10:59:27:     '/app/backend/services/taskScheduler.js',
2025-08-08 10:59:27:     '/app/backend/scheduler.js'
2025-08-08 10:59:27:   ]
2025-08-08 10:59:27: }
2025-08-08 10:59:27: Error: Cannot find module './services/reportService'
2025-08-08 10:59:27: Require stack:
2025-08-08 10:59:27: - /app/backend/services/taskScheduler.js
2025-08-08 10:59:27: - /app/backend/scheduler.js
2025-08-08 10:59:27:     at Module._resolveFilename (node:internal/modules/cjs/loader:1140:15)
2025-08-08 10:59:27:     at Hook._require.Module.require (/usr/local/lib/node_modules/pm2/node_modules/require-in-the-middle/index.js:81:25)
2025-08-08 10:59:27:     at require (node:internal/modules/helpers:177:18)
2025-08-08 10:59:27:     at Object.<anonymous> (/app/backend/services/taskScheduler.js:8:27)
2025-08-08 10:59:27:     at Module._compile (node:internal/modules/cjs/loader:1364:14)
2025-08-08 10:59:27:     at Module._extensions..js (node:internal/modules/cjs/loader:1422:10)
2025-08-08 10:59:27:     at Module.load (node:internal/modules/cjs/loader:1203:32)
2025-08-08 10:59:27:     at Module._load (node:internal/modules/cjs/loader:1019:12)
2025-08-08 10:59:27:     at Module.require (node:internal/modules/cjs/loader:1231:19)
2025-08-08 10:59:27:     at Hook._require.Module.require (/usr/local/lib/node_modules/pm2/node_modules/require-in-the-middle/index.js:101:39) {
2025-08-08 10:59:27:   code: 'MODULE_NOT_FOUND',
2025-08-08 10:59:27:   requireStack: [
2025-08-08 10:59:27:     '/app/backend/services/taskScheduler.js',
2025-08-08 10:59:27:     '/app/backend/scheduler.js'
2025-08-08 10:59:27:   ]
2025-08-08 10:59:27: }
2025-08-08 17:50:25: Error: Cannot find module './services/reportService'
2025-08-08 17:50:25: Require stack:
2025-08-08 17:50:25: - /app/backend/services/taskScheduler.js
2025-08-08 17:50:25: - /app/backend/scheduler.js
2025-08-08 17:50:25:     at Module._resolveFilename (node:internal/modules/cjs/loader:1140:15)
2025-08-08 17:50:25:     at Hook._require.Module.require (/usr/local/lib/node_modules/pm2/node_modules/require-in-the-middle/index.js:81:25)
2025-08-08 17:50:25:     at require (node:internal/modules/helpers:177:18)
2025-08-08 17:50:25:     at Object.<anonymous> (/app/backend/services/taskScheduler.js:8:27)
2025-08-08 17:50:25:     at Module._compile (node:internal/modules/cjs/loader:1364:14)
2025-08-08 17:50:25:     at Module._extensions..js (node:internal/modules/cjs/loader:1422:10)
2025-08-08 17:50:25:     at Module.load (node:internal/modules/cjs/loader:1203:32)
2025-08-08 17:50:25:     at Module._load (node:internal/modules/cjs/loader:1019:12)
2025-08-08 17:50:25:     at Module.require (node:internal/modules/cjs/loader:1231:19)
2025-08-08 17:50:25:     at Hook._require.Module.require (/usr/local/lib/node_modules/pm2/node_modules/require-in-the-middle/index.js:101:39) {
2025-08-08 17:50:25:   code: 'MODULE_NOT_FOUND',
2025-08-08 17:50:25:   requireStack: [
2025-08-08 17:50:25:     '/app/backend/services/taskScheduler.js',
2025-08-08 17:50:25:     '/app/backend/scheduler.js'
2025-08-08 17:50:25:   ]
2025-08-08 17:50:25: }
2025-08-08 17:50:26: Error: Cannot find module './services/reportService'
2025-08-08 17:50:26: Require stack:
2025-08-08 17:50:26: - /app/backend/services/taskScheduler.js
2025-08-08 17:50:26: - /app/backend/scheduler.js
2025-08-08 17:50:26:     at Module._resolveFilename (node:internal/modules/cjs/loader:1140:15)
2025-08-08 17:50:26:     at Hook._require.Module.require (/usr/local/lib/node_modules/pm2/node_modules/require-in-the-middle/index.js:81:25)
2025-08-08 17:50:26:     at require (node:internal/modules/helpers:177:18)
2025-08-08 17:50:26:     at Object.<anonymous> (/app/backend/services/taskScheduler.js:8:27)
2025-08-08 17:50:26:     at Module._compile (node:internal/modules/cjs/loader:1364:14)
2025-08-08 17:50:26:     at Module._extensions..js (node:internal/modules/cjs/loader:1422:10)
2025-08-08 17:50:26:     at Module.load (node:internal/modules/cjs/loader:1203:32)
2025-08-08 17:50:26:     at Module._load (node:internal/modules/cjs/loader:1019:12)
2025-08-08 17:50:26:     at Module.require (node:internal/modules/cjs/loader:1231:19)
2025-08-08 17:50:26:     at Hook._require.Module.require (/usr/local/lib/node_modules/pm2/node_modules/require-in-the-middle/index.js:101:39) {
2025-08-08 17:50:26:   code: 'MODULE_NOT_FOUND',
2025-08-08 17:50:26:   requireStack: [
2025-08-08 17:50:26:     '/app/backend/services/taskScheduler.js',
2025-08-08 17:50:26:     '/app/backend/scheduler.js'
2025-08-08 17:50:26:   ]
2025-08-08 17:50:26: }
2025-08-08 17:50:26: Error: Cannot find module './services/reportService'
2025-08-08 17:50:26: Require stack:
2025-08-08 17:50:26: - /app/backend/services/taskScheduler.js
2025-08-08 17:50:26: - /app/backend/scheduler.js
2025-08-08 17:50:26:     at Module._resolveFilename (node:internal/modules/cjs/loader:1140:15)
2025-08-08 17:50:26:     at Hook._require.Module.require (/usr/local/lib/node_modules/pm2/node_modules/require-in-the-middle/index.js:81:25)
2025-08-08 17:50:26:     at require (node:internal/modules/helpers:177:18)
2025-08-08 17:50:26:     at Object.<anonymous> (/app/backend/services/taskScheduler.js:8:27)
2025-08-08 17:50:26:     at Module._compile (node:internal/modules/cjs/loader:1364:14)
2025-08-08 17:50:26:     at Module._extensions..js (node:internal/modules/cjs/loader:1422:10)
2025-08-08 17:50:26:     at Module.load (node:internal/modules/cjs/loader:1203:32)
2025-08-08 17:50:26:     at Module._load (node:internal/modules/cjs/loader:1019:12)
2025-08-08 17:50:26:     at Module.require (node:internal/modules/cjs/loader:1231:19)
2025-08-08 17:50:26:     at Hook._require.Module.require (/usr/local/lib/node_modules/pm2/node_modules/require-in-the-middle/index.js:101:39) {
2025-08-08 17:50:26:   code: 'MODULE_NOT_FOUND',
2025-08-08 17:50:26:   requireStack: [
2025-08-08 17:50:26:     '/app/backend/services/taskScheduler.js',
2025-08-08 17:50:26:     '/app/backend/scheduler.js'
2025-08-08 17:50:26:   ]
2025-08-08 17:50:26: }
2025-08-08 17:50:26: Error: Cannot find module './services/reportService'
2025-08-08 17:50:26: Require stack:
2025-08-08 17:50:26: - /app/backend/services/taskScheduler.js
2025-08-08 17:50:26: - /app/backend/scheduler.js
2025-08-08 17:50:26:     at Module._resolveFilename (node:internal/modules/cjs/loader:1140:15)
2025-08-08 17:50:26:     at Hook._require.Module.require (/usr/local/lib/node_modules/pm2/node_modules/require-in-the-middle/index.js:81:25)
2025-08-08 17:50:26:     at require (node:internal/modules/helpers:177:18)
2025-08-08 17:50:26:     at Object.<anonymous> (/app/backend/services/taskScheduler.js:8:27)
2025-08-08 17:50:26:     at Module._compile (node:internal/modules/cjs/loader:1364:14)
2025-08-08 17:50:26:     at Module._extensions..js (node:internal/modules/cjs/loader:1422:10)
2025-08-08 17:50:26:     at Module.load (node:internal/modules/cjs/loader:1203:32)
2025-08-08 17:50:26:     at Module._load (node:internal/modules/cjs/loader:1019:12)
2025-08-08 17:50:26:     at Module.require (node:internal/modules/cjs/loader:1231:19)
2025-08-08 17:50:26:     at Hook._require.Module.require (/usr/local/lib/node_modules/pm2/node_modules/require-in-the-middle/index.js:101:39) {
2025-08-08 17:50:26:   code: 'MODULE_NOT_FOUND',
2025-08-08 17:50:26:   requireStack: [
2025-08-08 17:50:26:     '/app/backend/services/taskScheduler.js',
2025-08-08 17:50:26:     '/app/backend/scheduler.js'
2025-08-08 17:50:26:   ]
2025-08-08 17:50:26: }
2025-08-08 17:50:27: Error: Cannot find module './services/reportService'
2025-08-08 17:50:27: Require stack:
2025-08-08 17:50:27: - /app/backend/services/taskScheduler.js
2025-08-08 17:50:27: - /app/backend/scheduler.js
2025-08-08 17:50:27:     at Module._resolveFilename (node:internal/modules/cjs/loader:1140:15)
2025-08-08 17:50:27:     at Hook._require.Module.require (/usr/local/lib/node_modules/pm2/node_modules/require-in-the-middle/index.js:81:25)
2025-08-08 17:50:27:     at require (node:internal/modules/helpers:177:18)
2025-08-08 17:50:27:     at Object.<anonymous> (/app/backend/services/taskScheduler.js:8:27)
2025-08-08 17:50:27:     at Module._compile (node:internal/modules/cjs/loader:1364:14)
2025-08-08 17:50:27:     at Module._extensions..js (node:internal/modules/cjs/loader:1422:10)
2025-08-08 17:50:27:     at Module.load (node:internal/modules/cjs/loader:1203:32)
2025-08-08 17:50:27:     at Module._load (node:internal/modules/cjs/loader:1019:12)
2025-08-08 17:50:27:     at Module.require (node:internal/modules/cjs/loader:1231:19)
2025-08-08 17:50:27:     at Hook._require.Module.require (/usr/local/lib/node_modules/pm2/node_modules/require-in-the-middle/index.js:101:39) {
2025-08-08 17:50:27:   code: 'MODULE_NOT_FOUND',
2025-08-08 17:50:27:   requireStack: [
2025-08-08 17:50:27:     '/app/backend/services/taskScheduler.js',
2025-08-08 17:50:27:     '/app/backend/scheduler.js'
2025-08-08 17:50:27:   ]
2025-08-08 17:50:27: }
2025-08-08 17:50:27: Error: Cannot find module './services/reportService'
2025-08-08 17:50:27: Require stack:
2025-08-08 17:50:27: - /app/backend/services/taskScheduler.js
2025-08-08 17:50:27: - /app/backend/scheduler.js
2025-08-08 17:50:27:     at Module._resolveFilename (node:internal/modules/cjs/loader:1140:15)
2025-08-08 17:50:27:     at Hook._require.Module.require (/usr/local/lib/node_modules/pm2/node_modules/require-in-the-middle/index.js:81:25)
2025-08-08 17:50:27:     at require (node:internal/modules/helpers:177:18)
2025-08-08 17:50:27:     at Object.<anonymous> (/app/backend/services/taskScheduler.js:8:27)
2025-08-08 17:50:27:     at Module._compile (node:internal/modules/cjs/loader:1364:14)
2025-08-08 17:50:27:     at Module._extensions..js (node:internal/modules/cjs/loader:1422:10)
2025-08-08 17:50:27:     at Module.load (node:internal/modules/cjs/loader:1203:32)
2025-08-08 17:50:27:     at Module._load (node:internal/modules/cjs/loader:1019:12)
2025-08-08 17:50:27:     at Module.require (node:internal/modules/cjs/loader:1231:19)
2025-08-08 17:50:27:     at Hook._require.Module.require (/usr/local/lib/node_modules/pm2/node_modules/require-in-the-middle/index.js:101:39) {
2025-08-08 17:50:27:   code: 'MODULE_NOT_FOUND',
2025-08-08 17:50:27:   requireStack: [
2025-08-08 17:50:27:     '/app/backend/services/taskScheduler.js',
2025-08-08 17:50:27:     '/app/backend/scheduler.js'
2025-08-08 17:50:27:   ]
2025-08-08 17:50:27: }
2025-08-08 17:50:27: Error: Cannot find module './services/reportService'
2025-08-08 17:50:27: Require stack:
2025-08-08 17:50:27: - /app/backend/services/taskScheduler.js
2025-08-08 17:50:27: - /app/backend/scheduler.js
2025-08-08 17:50:27:     at Module._resolveFilename (node:internal/modules/cjs/loader:1140:15)
2025-08-08 17:50:27:     at Hook._require.Module.require (/usr/local/lib/node_modules/pm2/node_modules/require-in-the-middle/index.js:81:25)
2025-08-08 17:50:27:     at require (node:internal/modules/helpers:177:18)
2025-08-08 17:50:27:     at Object.<anonymous> (/app/backend/services/taskScheduler.js:8:27)
2025-08-08 17:50:27:     at Module._compile (node:internal/modules/cjs/loader:1364:14)
2025-08-08 17:50:27:     at Module._extensions..js (node:internal/modules/cjs/loader:1422:10)
2025-08-08 17:50:27:     at Module.load (node:internal/modules/cjs/loader:1203:32)
2025-08-08 17:50:27:     at Module._load (node:internal/modules/cjs/loader:1019:12)
2025-08-08 17:50:27:     at Module.require (node:internal/modules/cjs/loader:1231:19)
2025-08-08 17:50:27:     at Hook._require.Module.require (/usr/local/lib/node_modules/pm2/node_modules/require-in-the-middle/index.js:101:39) {
2025-08-08 17:50:27:   code: 'MODULE_NOT_FOUND',
2025-08-08 17:50:27:   requireStack: [
2025-08-08 17:50:27:     '/app/backend/services/taskScheduler.js',
2025-08-08 17:50:27:     '/app/backend/scheduler.js'
2025-08-08 17:50:27:   ]
2025-08-08 17:50:27: }
2025-08-08 17:50:28: Error: Cannot find module './services/reportService'
2025-08-08 17:50:28: Require stack:
2025-08-08 17:50:28: - /app/backend/services/taskScheduler.js
2025-08-08 17:50:28: - /app/backend/scheduler.js
2025-08-08 17:50:28:     at Module._resolveFilename (node:internal/modules/cjs/loader:1140:15)
2025-08-08 17:50:28:     at Hook._require.Module.require (/usr/local/lib/node_modules/pm2/node_modules/require-in-the-middle/index.js:81:25)
2025-08-08 17:50:28:     at require (node:internal/modules/helpers:177:18)
2025-08-08 17:50:28:     at Object.<anonymous> (/app/backend/services/taskScheduler.js:8:27)
2025-08-08 17:50:28:     at Module._compile (node:internal/modules/cjs/loader:1364:14)
2025-08-08 17:50:28:     at Module._extensions..js (node:internal/modules/cjs/loader:1422:10)
2025-08-08 17:50:28:     at Module.load (node:internal/modules/cjs/loader:1203:32)
2025-08-08 17:50:28:     at Module._load (node:internal/modules/cjs/loader:1019:12)
2025-08-08 17:50:28:     at Module.require (node:internal/modules/cjs/loader:1231:19)
2025-08-08 17:50:28:     at Hook._require.Module.require (/usr/local/lib/node_modules/pm2/node_modules/require-in-the-middle/index.js:101:39) {
2025-08-08 17:50:28:   code: 'MODULE_NOT_FOUND',
2025-08-08 17:50:28:   requireStack: [
2025-08-08 17:50:28:     '/app/backend/services/taskScheduler.js',
2025-08-08 17:50:28:     '/app/backend/scheduler.js'
2025-08-08 17:50:28:   ]
2025-08-08 17:50:28: }
2025-08-08 17:50:28: Error: Cannot find module './services/reportService'
2025-08-08 17:50:28: Require stack:
2025-08-08 17:50:28: - /app/backend/services/taskScheduler.js
2025-08-08 17:50:28: - /app/backend/scheduler.js
2025-08-08 17:50:28:     at Module._resolveFilename (node:internal/modules/cjs/loader:1140:15)
2025-08-08 17:50:28:     at Hook._require.Module.require (/usr/local/lib/node_modules/pm2/node_modules/require-in-the-middle/index.js:81:25)
2025-08-08 17:50:28:     at require (node:internal/modules/helpers:177:18)
2025-08-08 17:50:28:     at Object.<anonymous> (/app/backend/services/taskScheduler.js:8:27)
2025-08-08 17:50:28:     at Module._compile (node:internal/modules/cjs/loader:1364:14)
2025-08-08 17:50:28:     at Module._extensions..js (node:internal/modules/cjs/loader:1422:10)
2025-08-08 17:50:28:     at Module.load (node:internal/modules/cjs/loader:1203:32)
2025-08-08 17:50:28:     at Module._load (node:internal/modules/cjs/loader:1019:12)
2025-08-08 17:50:28:     at Module.require (node:internal/modules/cjs/loader:1231:19)
2025-08-08 17:50:28:     at Hook._require.Module.require (/usr/local/lib/node_modules/pm2/node_modules/require-in-the-middle/index.js:101:39) {
2025-08-08 17:50:28:   code: 'MODULE_NOT_FOUND',
2025-08-08 17:50:28:   requireStack: [
2025-08-08 17:50:28:     '/app/backend/services/taskScheduler.js',
2025-08-08 17:50:28:     '/app/backend/scheduler.js'
2025-08-08 17:50:28:   ]
2025-08-08 17:50:28: }
2025-08-08 17:50:29: Error: Cannot find module './services/reportService'
2025-08-08 17:50:29: Require stack:
2025-08-08 17:50:29: - /app/backend/services/taskScheduler.js
2025-08-08 17:50:29: - /app/backend/scheduler.js
2025-08-08 17:50:29:     at Module._resolveFilename (node:internal/modules/cjs/loader:1140:15)
2025-08-08 17:50:29:     at Hook._require.Module.require (/usr/local/lib/node_modules/pm2/node_modules/require-in-the-middle/index.js:81:25)
2025-08-08 17:50:29:     at require (node:internal/modules/helpers:177:18)
2025-08-08 17:50:29:     at Object.<anonymous> (/app/backend/services/taskScheduler.js:8:27)
2025-08-08 17:50:29:     at Module._compile (node:internal/modules/cjs/loader:1364:14)
2025-08-08 17:50:29:     at Module._extensions..js (node:internal/modules/cjs/loader:1422:10)
2025-08-08 17:50:29:     at Module.load (node:internal/modules/cjs/loader:1203:32)
2025-08-08 17:50:29:     at Module._load (node:internal/modules/cjs/loader:1019:12)
2025-08-08 17:50:29:     at Module.require (node:internal/modules/cjs/loader:1231:19)
2025-08-08 17:50:29:     at Hook._require.Module.require (/usr/local/lib/node_modules/pm2/node_modules/require-in-the-middle/index.js:101:39) {
2025-08-08 17:50:29:   code: 'MODULE_NOT_FOUND',
2025-08-08 17:50:29:   requireStack: [
2025-08-08 17:50:29:     '/app/backend/services/taskScheduler.js',
2025-08-08 17:50:29:     '/app/backend/scheduler.js'
2025-08-08 17:50:29:   ]
2025-08-08 17:50:29: }
2025-08-08 17:50:29: Error: Cannot find module './services/reportService'
2025-08-08 17:50:29: Require stack:
2025-08-08 17:50:29: - /app/backend/services/taskScheduler.js
2025-08-08 17:50:29: - /app/backend/scheduler.js
2025-08-08 17:50:29:     at Module._resolveFilename (node:internal/modules/cjs/loader:1140:15)
2025-08-08 17:50:29:     at Hook._require.Module.require (/usr/local/lib/node_modules/pm2/node_modules/require-in-the-middle/index.js:81:25)
2025-08-08 17:50:29:     at require (node:internal/modules/helpers:177:18)
2025-08-08 17:50:29:     at Object.<anonymous> (/app/backend/services/taskScheduler.js:8:27)
2025-08-08 17:50:29:     at Module._compile (node:internal/modules/cjs/loader:1364:14)
2025-08-08 17:50:29:     at Module._extensions..js (node:internal/modules/cjs/loader:1422:10)
2025-08-08 17:50:29:     at Module.load (node:internal/modules/cjs/loader:1203:32)
2025-08-08 17:50:29:     at Module._load (node:internal/modules/cjs/loader:1019:12)
2025-08-08 17:50:29:     at Module.require (node:internal/modules/cjs/loader:1231:19)
2025-08-08 17:50:29:     at Hook._require.Module.require (/usr/local/lib/node_modules/pm2/node_modules/require-in-the-middle/index.js:101:39) {
2025-08-08 17:50:29:   code: 'MODULE_NOT_FOUND',
2025-08-08 17:50:29:   requireStack: [
2025-08-08 17:50:29:     '/app/backend/services/taskScheduler.js',
2025-08-08 17:50:29:     '/app/backend/scheduler.js'
2025-08-08 17:50:29:   ]
2025-08-08 17:50:29: }
2025-08-08 17:50:29: Error: Cannot find module './services/reportService'
2025-08-08 17:50:29: Require stack:
2025-08-08 17:50:29: - /app/backend/services/taskScheduler.js
2025-08-08 17:50:29: - /app/backend/scheduler.js
2025-08-08 17:50:29:     at Module._resolveFilename (node:internal/modules/cjs/loader:1140:15)
2025-08-08 17:50:29:     at Hook._require.Module.require (/usr/local/lib/node_modules/pm2/node_modules/require-in-the-middle/index.js:81:25)
2025-08-08 17:50:29:     at require (node:internal/modules/helpers:177:18)
2025-08-08 17:50:29:     at Object.<anonymous> (/app/backend/services/taskScheduler.js:8:27)
2025-08-08 17:50:29:     at Module._compile (node:internal/modules/cjs/loader:1364:14)
2025-08-08 17:50:29:     at Module._extensions..js (node:internal/modules/cjs/loader:1422:10)
2025-08-08 17:50:29:     at Module.load (node:internal/modules/cjs/loader:1203:32)
2025-08-08 17:50:29:     at Module._load (node:internal/modules/cjs/loader:1019:12)
2025-08-08 17:50:29:     at Module.require (node:internal/modules/cjs/loader:1231:19)
2025-08-08 17:50:29:     at Hook._require.Module.require (/usr/local/lib/node_modules/pm2/node_modules/require-in-the-middle/index.js:101:39) {
2025-08-08 17:50:29:   code: 'MODULE_NOT_FOUND',
2025-08-08 17:50:29:   requireStack: [
2025-08-08 17:50:29:     '/app/backend/services/taskScheduler.js',
2025-08-08 17:50:29:     '/app/backend/scheduler.js'
2025-08-08 17:50:29:   ]
2025-08-08 17:50:29: }
2025-08-08 17:50:30: Error: Cannot find module './services/reportService'
2025-08-08 17:50:30: Require stack:
2025-08-08 17:50:30: - /app/backend/services/taskScheduler.js
2025-08-08 17:50:30: - /app/backend/scheduler.js
2025-08-08 17:50:30:     at Module._resolveFilename (node:internal/modules/cjs/loader:1140:15)
2025-08-08 17:50:30:     at Hook._require.Module.require (/usr/local/lib/node_modules/pm2/node_modules/require-in-the-middle/index.js:81:25)
2025-08-08 17:50:30:     at require (node:internal/modules/helpers:177:18)
2025-08-08 17:50:30:     at Object.<anonymous> (/app/backend/services/taskScheduler.js:8:27)
2025-08-08 17:50:30:     at Module._compile (node:internal/modules/cjs/loader:1364:14)
2025-08-08 17:50:30:     at Module._extensions..js (node:internal/modules/cjs/loader:1422:10)
2025-08-08 17:50:30:     at Module.load (node:internal/modules/cjs/loader:1203:32)
2025-08-08 17:50:30:     at Module._load (node:internal/modules/cjs/loader:1019:12)
2025-08-08 17:50:30:     at Module.require (node:internal/modules/cjs/loader:1231:19)
2025-08-08 17:50:30:     at Hook._require.Module.require (/usr/local/lib/node_modules/pm2/node_modules/require-in-the-middle/index.js:101:39) {
2025-08-08 17:50:30:   code: 'MODULE_NOT_FOUND',
2025-08-08 17:50:30:   requireStack: [
2025-08-08 17:50:30:     '/app/backend/services/taskScheduler.js',
2025-08-08 17:50:30:     '/app/backend/scheduler.js'
2025-08-08 17:50:30:   ]
2025-08-08 17:50:30: }
2025-08-08 17:50:30: Error: Cannot find module './services/reportService'
2025-08-08 17:50:30: Require stack:
2025-08-08 17:50:30: - /app/backend/services/taskScheduler.js
2025-08-08 17:50:30: - /app/backend/scheduler.js
2025-08-08 17:50:30:     at Module._resolveFilename (node:internal/modules/cjs/loader:1140:15)
2025-08-08 17:50:30:     at Hook._require.Module.require (/usr/local/lib/node_modules/pm2/node_modules/require-in-the-middle/index.js:81:25)
2025-08-08 17:50:30:     at require (node:internal/modules/helpers:177:18)
2025-08-08 17:50:30:     at Object.<anonymous> (/app/backend/services/taskScheduler.js:8:27)
2025-08-08 17:50:30:     at Module._compile (node:internal/modules/cjs/loader:1364:14)
2025-08-08 17:50:30:     at Module._extensions..js (node:internal/modules/cjs/loader:1422:10)
2025-08-08 17:50:30:     at Module.load (node:internal/modules/cjs/loader:1203:32)
2025-08-08 17:50:30:     at Module._load (node:internal/modules/cjs/loader:1019:12)
2025-08-08 17:50:30:     at Module.require (node:internal/modules/cjs/loader:1231:19)
2025-08-08 17:50:30:     at Hook._require.Module.require (/usr/local/lib/node_modules/pm2/node_modules/require-in-the-middle/index.js:101:39) {
2025-08-08 17:50:30:   code: 'MODULE_NOT_FOUND',
2025-08-08 17:50:30:   requireStack: [
2025-08-08 17:50:30:     '/app/backend/services/taskScheduler.js',
2025-08-08 17:50:30:     '/app/backend/scheduler.js'
2025-08-08 17:50:30:   ]
2025-08-08 17:50:30: }
2025-08-08 17:50:30: Error: Cannot find module './services/reportService'
2025-08-08 17:50:30: Require stack:
2025-08-08 17:50:30: - /app/backend/services/taskScheduler.js
2025-08-08 17:50:30: - /app/backend/scheduler.js
2025-08-08 17:50:30:     at Module._resolveFilename (node:internal/modules/cjs/loader:1140:15)
2025-08-08 17:50:30:     at Hook._require.Module.require (/usr/local/lib/node_modules/pm2/node_modules/require-in-the-middle/index.js:81:25)
2025-08-08 17:50:30:     at require (node:internal/modules/helpers:177:18)
2025-08-08 17:50:30:     at Object.<anonymous> (/app/backend/services/taskScheduler.js:8:27)
2025-08-08 17:50:30:     at Module._compile (node:internal/modules/cjs/loader:1364:14)
2025-08-08 17:50:30:     at Module._extensions..js (node:internal/modules/cjs/loader:1422:10)
2025-08-08 17:50:30:     at Module.load (node:internal/modules/cjs/loader:1203:32)
2025-08-08 17:50:30:     at Module._load (node:internal/modules/cjs/loader:1019:12)
2025-08-08 17:50:30:     at Module.require (node:internal/modules/cjs/loader:1231:19)
2025-08-08 17:50:30:     at Hook._require.Module.require (/usr/local/lib/node_modules/pm2/node_modules/require-in-the-middle/index.js:101:39) {
2025-08-08 17:50:30:   code: 'MODULE_NOT_FOUND',
2025-08-08 17:50:30:   requireStack: [
2025-08-08 17:50:30:     '/app/backend/services/taskScheduler.js',
2025-08-08 17:50:30:     '/app/backend/scheduler.js'
2025-08-08 17:50:30:   ]
2025-08-08 17:50:30: }
2025-08-08 17:50:30: Error: Cannot find module './services/reportService'
2025-08-08 17:50:30: Require stack:
2025-08-08 17:50:30: - /app/backend/services/taskScheduler.js
2025-08-08 17:50:30: - /app/backend/scheduler.js
2025-08-08 17:50:30:     at Module._resolveFilename (node:internal/modules/cjs/loader:1140:15)
2025-08-08 17:50:30:     at Hook._require.Module.require (/usr/local/lib/node_modules/pm2/node_modules/require-in-the-middle/index.js:81:25)
2025-08-08 17:50:30:     at require (node:internal/modules/helpers:177:18)
2025-08-08 17:50:30:     at Object.<anonymous> (/app/backend/services/taskScheduler.js:8:27)
2025-08-08 17:50:30:     at Module._compile (node:internal/modules/cjs/loader:1364:14)
2025-08-08 17:50:30:     at Module._extensions..js (node:internal/modules/cjs/loader:1422:10)
2025-08-08 17:50:30:     at Module.load (node:internal/modules/cjs/loader:1203:32)
2025-08-08 17:50:30:     at Module._load (node:internal/modules/cjs/loader:1019:12)
2025-08-08 17:50:30:     at Module.require (node:internal/modules/cjs/loader:1231:19)
2025-08-08 17:50:30:     at Hook._require.Module.require (/usr/local/lib/node_modules/pm2/node_modules/require-in-the-middle/index.js:101:39) {
2025-08-08 17:50:30:   code: 'MODULE_NOT_FOUND',
2025-08-08 17:50:30:   requireStack: [
2025-08-08 17:50:30:     '/app/backend/services/taskScheduler.js',
2025-08-08 17:50:30:     '/app/backend/scheduler.js'
2025-08-08 17:50:30:   ]
2025-08-08 17:50:30: }
