2025-08-08 11:13:20: Error: Cannot find module './services/reportService'
2025-08-08 11:13:20: Require stack:
2025-08-08 11:13:20: - /app/backend/services/taskScheduler.js
2025-08-08 11:13:20: - /app/backend/scheduler.js
2025-08-08 11:13:20:     at Module._resolveFilename (node:internal/modules/cjs/loader:1140:15)
2025-08-08 11:13:20:     at Hook._require.Module.require (/usr/local/lib/node_modules/pm2/node_modules/require-in-the-middle/index.js:81:25)
2025-08-08 11:13:20:     at require (node:internal/modules/helpers:177:18)
2025-08-08 11:13:20:     at Object.<anonymous> (/app/backend/services/taskScheduler.js:8:27)
2025-08-08 11:13:20:     at Module._compile (node:internal/modules/cjs/loader:1364:14)
2025-08-08 11:13:20:     at Module._extensions..js (node:internal/modules/cjs/loader:1422:10)
2025-08-08 11:13:20:     at Module.load (node:internal/modules/cjs/loader:1203:32)
2025-08-08 11:13:20:     at Module._load (node:internal/modules/cjs/loader:1019:12)
2025-08-08 11:13:20:     at Module.require (node:internal/modules/cjs/loader:1231:19)
2025-08-08 11:13:20:     at Hook._require.Module.require (/usr/local/lib/node_modules/pm2/node_modules/require-in-the-middle/index.js:101:39) {
2025-08-08 11:13:20:   code: 'MODULE_NOT_FOUND',
2025-08-08 11:13:20:   requireStack: [
2025-08-08 11:13:20:     '/app/backend/services/taskScheduler.js',
2025-08-08 11:13:20:     '/app/backend/scheduler.js'
2025-08-08 11:13:20:   ]
2025-08-08 11:13:20: }
2025-08-08 11:13:20: Error: Cannot find module './services/reportService'
2025-08-08 11:13:20: Require stack:
2025-08-08 11:13:20: - /app/backend/services/taskScheduler.js
2025-08-08 11:13:20: - /app/backend/scheduler.js
2025-08-08 11:13:20:     at Module._resolveFilename (node:internal/modules/cjs/loader:1140:15)
2025-08-08 11:13:20:     at Hook._require.Module.require (/usr/local/lib/node_modules/pm2/node_modules/require-in-the-middle/index.js:81:25)
2025-08-08 11:13:20:     at require (node:internal/modules/helpers:177:18)
2025-08-08 11:13:20:     at Object.<anonymous> (/app/backend/services/taskScheduler.js:8:27)
2025-08-08 11:13:20:     at Module._compile (node:internal/modules/cjs/loader:1364:14)
2025-08-08 11:13:20:     at Module._extensions..js (node:internal/modules/cjs/loader:1422:10)
2025-08-08 11:13:20:     at Module.load (node:internal/modules/cjs/loader:1203:32)
2025-08-08 11:13:20:     at Module._load (node:internal/modules/cjs/loader:1019:12)
2025-08-08 11:13:20:     at Module.require (node:internal/modules/cjs/loader:1231:19)
2025-08-08 11:13:20:     at Hook._require.Module.require (/usr/local/lib/node_modules/pm2/node_modules/require-in-the-middle/index.js:101:39) {
2025-08-08 11:13:20:   code: 'MODULE_NOT_FOUND',
2025-08-08 11:13:20:   requireStack: [
2025-08-08 11:13:20:     '/app/backend/services/taskScheduler.js',
2025-08-08 11:13:20:     '/app/backend/scheduler.js'
2025-08-08 11:13:20:   ]
2025-08-08 11:13:20: }
2025-08-08 11:13:21: Error: Cannot find module './services/reportService'
2025-08-08 11:13:21: Require stack:
2025-08-08 11:13:21: - /app/backend/services/taskScheduler.js
2025-08-08 11:13:21: - /app/backend/scheduler.js
2025-08-08 11:13:21:     at Module._resolveFilename (node:internal/modules/cjs/loader:1140:15)
2025-08-08 11:13:21:     at Hook._require.Module.require (/usr/local/lib/node_modules/pm2/node_modules/require-in-the-middle/index.js:81:25)
2025-08-08 11:13:21:     at require (node:internal/modules/helpers:177:18)
2025-08-08 11:13:21:     at Object.<anonymous> (/app/backend/services/taskScheduler.js:8:27)
2025-08-08 11:13:21:     at Module._compile (node:internal/modules/cjs/loader:1364:14)
2025-08-08 11:13:21:     at Module._extensions..js (node:internal/modules/cjs/loader:1422:10)
2025-08-08 11:13:21:     at Module.load (node:internal/modules/cjs/loader:1203:32)
2025-08-08 11:13:21:     at Module._load (node:internal/modules/cjs/loader:1019:12)
2025-08-08 11:13:21:     at Module.require (node:internal/modules/cjs/loader:1231:19)
2025-08-08 11:13:21:     at Hook._require.Module.require (/usr/local/lib/node_modules/pm2/node_modules/require-in-the-middle/index.js:101:39) {
2025-08-08 11:13:21:   code: 'MODULE_NOT_FOUND',
2025-08-08 11:13:21:   requireStack: [
2025-08-08 11:13:21:     '/app/backend/services/taskScheduler.js',
2025-08-08 11:13:21:     '/app/backend/scheduler.js'
2025-08-08 11:13:21:   ]
2025-08-08 11:13:21: }
2025-08-08 11:13:21: Error: Cannot find module './services/reportService'
2025-08-08 11:13:21: Require stack:
2025-08-08 11:13:21: - /app/backend/services/taskScheduler.js
2025-08-08 11:13:21: - /app/backend/scheduler.js
2025-08-08 11:13:21:     at Module._resolveFilename (node:internal/modules/cjs/loader:1140:15)
2025-08-08 11:13:21:     at Hook._require.Module.require (/usr/local/lib/node_modules/pm2/node_modules/require-in-the-middle/index.js:81:25)
2025-08-08 11:13:21:     at require (node:internal/modules/helpers:177:18)
2025-08-08 11:13:21:     at Object.<anonymous> (/app/backend/services/taskScheduler.js:8:27)
2025-08-08 11:13:21:     at Module._compile (node:internal/modules/cjs/loader:1364:14)
2025-08-08 11:13:21:     at Module._extensions..js (node:internal/modules/cjs/loader:1422:10)
2025-08-08 11:13:21:     at Module.load (node:internal/modules/cjs/loader:1203:32)
2025-08-08 11:13:21:     at Module._load (node:internal/modules/cjs/loader:1019:12)
2025-08-08 11:13:21:     at Module.require (node:internal/modules/cjs/loader:1231:19)
2025-08-08 11:13:21:     at Hook._require.Module.require (/usr/local/lib/node_modules/pm2/node_modules/require-in-the-middle/index.js:101:39) {
2025-08-08 11:13:21:   code: 'MODULE_NOT_FOUND',
2025-08-08 11:13:21:   requireStack: [
2025-08-08 11:13:21:     '/app/backend/services/taskScheduler.js',
2025-08-08 11:13:21:     '/app/backend/scheduler.js'
2025-08-08 11:13:21:   ]
2025-08-08 11:13:21: }
2025-08-08 11:13:21: Error: Cannot find module './services/reportService'
2025-08-08 11:13:21: Require stack:
2025-08-08 11:13:21: - /app/backend/services/taskScheduler.js
2025-08-08 11:13:21: - /app/backend/scheduler.js
2025-08-08 11:13:21:     at Module._resolveFilename (node:internal/modules/cjs/loader:1140:15)
2025-08-08 11:13:21:     at Hook._require.Module.require (/usr/local/lib/node_modules/pm2/node_modules/require-in-the-middle/index.js:81:25)
2025-08-08 11:13:21:     at require (node:internal/modules/helpers:177:18)
2025-08-08 11:13:21:     at Object.<anonymous> (/app/backend/services/taskScheduler.js:8:27)
2025-08-08 11:13:21:     at Module._compile (node:internal/modules/cjs/loader:1364:14)
2025-08-08 11:13:21:     at Module._extensions..js (node:internal/modules/cjs/loader:1422:10)
2025-08-08 11:13:21:     at Module.load (node:internal/modules/cjs/loader:1203:32)
2025-08-08 11:13:21:     at Module._load (node:internal/modules/cjs/loader:1019:12)
2025-08-08 11:13:21:     at Module.require (node:internal/modules/cjs/loader:1231:19)
2025-08-08 11:13:21:     at Hook._require.Module.require (/usr/local/lib/node_modules/pm2/node_modules/require-in-the-middle/index.js:101:39) {
2025-08-08 11:13:21:   code: 'MODULE_NOT_FOUND',
2025-08-08 11:13:21:   requireStack: [
2025-08-08 11:13:21:     '/app/backend/services/taskScheduler.js',
2025-08-08 11:13:21:     '/app/backend/scheduler.js'
2025-08-08 11:13:21:   ]
2025-08-08 11:13:21: }
2025-08-08 11:13:22: Error: Cannot find module './services/reportService'
2025-08-08 11:13:22: Require stack:
2025-08-08 11:13:22: - /app/backend/services/taskScheduler.js
2025-08-08 11:13:22: - /app/backend/scheduler.js
2025-08-08 11:13:22:     at Module._resolveFilename (node:internal/modules/cjs/loader:1140:15)
2025-08-08 11:13:22:     at Hook._require.Module.require (/usr/local/lib/node_modules/pm2/node_modules/require-in-the-middle/index.js:81:25)
2025-08-08 11:13:22:     at require (node:internal/modules/helpers:177:18)
2025-08-08 11:13:22:     at Object.<anonymous> (/app/backend/services/taskScheduler.js:8:27)
2025-08-08 11:13:22:     at Module._compile (node:internal/modules/cjs/loader:1364:14)
2025-08-08 11:13:22:     at Module._extensions..js (node:internal/modules/cjs/loader:1422:10)
2025-08-08 11:13:22:     at Module.load (node:internal/modules/cjs/loader:1203:32)
2025-08-08 11:13:22:     at Module._load (node:internal/modules/cjs/loader:1019:12)
2025-08-08 11:13:22:     at Module.require (node:internal/modules/cjs/loader:1231:19)
2025-08-08 11:13:22:     at Hook._require.Module.require (/usr/local/lib/node_modules/pm2/node_modules/require-in-the-middle/index.js:101:39) {
2025-08-08 11:13:22:   code: 'MODULE_NOT_FOUND',
2025-08-08 11:13:22:   requireStack: [
2025-08-08 11:13:22:     '/app/backend/services/taskScheduler.js',
2025-08-08 11:13:22:     '/app/backend/scheduler.js'
2025-08-08 11:13:22:   ]
2025-08-08 11:13:22: }
2025-08-08 11:13:22: Error: Cannot find module './services/reportService'
2025-08-08 11:13:22: Require stack:
2025-08-08 11:13:22: - /app/backend/services/taskScheduler.js
2025-08-08 11:13:22: - /app/backend/scheduler.js
2025-08-08 11:13:22:     at Module._resolveFilename (node:internal/modules/cjs/loader:1140:15)
2025-08-08 11:13:22:     at Hook._require.Module.require (/usr/local/lib/node_modules/pm2/node_modules/require-in-the-middle/index.js:81:25)
2025-08-08 11:13:22:     at require (node:internal/modules/helpers:177:18)
2025-08-08 11:13:22:     at Object.<anonymous> (/app/backend/services/taskScheduler.js:8:27)
2025-08-08 11:13:22:     at Module._compile (node:internal/modules/cjs/loader:1364:14)
2025-08-08 11:13:22:     at Module._extensions..js (node:internal/modules/cjs/loader:1422:10)
2025-08-08 11:13:22:     at Module.load (node:internal/modules/cjs/loader:1203:32)
2025-08-08 11:13:22:     at Module._load (node:internal/modules/cjs/loader:1019:12)
2025-08-08 11:13:22:     at Module.require (node:internal/modules/cjs/loader:1231:19)
2025-08-08 11:13:22:     at Hook._require.Module.require (/usr/local/lib/node_modules/pm2/node_modules/require-in-the-middle/index.js:101:39) {
2025-08-08 11:13:22:   code: 'MODULE_NOT_FOUND',
2025-08-08 11:13:22:   requireStack: [
2025-08-08 11:13:22:     '/app/backend/services/taskScheduler.js',
2025-08-08 11:13:22:     '/app/backend/scheduler.js'
2025-08-08 11:13:22:   ]
2025-08-08 11:13:22: }
2025-08-08 11:13:23: Error: Cannot find module './services/reportService'
2025-08-08 11:13:23: Require stack:
2025-08-08 11:13:23: - /app/backend/services/taskScheduler.js
2025-08-08 11:13:23: - /app/backend/scheduler.js
2025-08-08 11:13:23:     at Module._resolveFilename (node:internal/modules/cjs/loader:1140:15)
2025-08-08 11:13:23:     at Hook._require.Module.require (/usr/local/lib/node_modules/pm2/node_modules/require-in-the-middle/index.js:81:25)
2025-08-08 11:13:23:     at require (node:internal/modules/helpers:177:18)
2025-08-08 11:13:23:     at Object.<anonymous> (/app/backend/services/taskScheduler.js:8:27)
2025-08-08 11:13:23:     at Module._compile (node:internal/modules/cjs/loader:1364:14)
2025-08-08 11:13:23:     at Module._extensions..js (node:internal/modules/cjs/loader:1422:10)
2025-08-08 11:13:23:     at Module.load (node:internal/modules/cjs/loader:1203:32)
2025-08-08 11:13:23:     at Module._load (node:internal/modules/cjs/loader:1019:12)
2025-08-08 11:13:23:     at Module.require (node:internal/modules/cjs/loader:1231:19)
2025-08-08 11:13:23:     at Hook._require.Module.require (/usr/local/lib/node_modules/pm2/node_modules/require-in-the-middle/index.js:101:39) {
2025-08-08 11:13:23:   code: 'MODULE_NOT_FOUND',
2025-08-08 11:13:23:   requireStack: [
2025-08-08 11:13:23:     '/app/backend/services/taskScheduler.js',
2025-08-08 11:13:23:     '/app/backend/scheduler.js'
2025-08-08 11:13:23:   ]
2025-08-08 11:13:23: }
2025-08-08 11:13:23: Error: Cannot find module './services/reportService'
2025-08-08 11:13:23: Require stack:
2025-08-08 11:13:23: - /app/backend/services/taskScheduler.js
2025-08-08 11:13:23: - /app/backend/scheduler.js
2025-08-08 11:13:23:     at Module._resolveFilename (node:internal/modules/cjs/loader:1140:15)
2025-08-08 11:13:23:     at Hook._require.Module.require (/usr/local/lib/node_modules/pm2/node_modules/require-in-the-middle/index.js:81:25)
2025-08-08 11:13:23:     at require (node:internal/modules/helpers:177:18)
2025-08-08 11:13:23:     at Object.<anonymous> (/app/backend/services/taskScheduler.js:8:27)
2025-08-08 11:13:23:     at Module._compile (node:internal/modules/cjs/loader:1364:14)
2025-08-08 11:13:23:     at Module._extensions..js (node:internal/modules/cjs/loader:1422:10)
2025-08-08 11:13:23:     at Module.load (node:internal/modules/cjs/loader:1203:32)
2025-08-08 11:13:23:     at Module._load (node:internal/modules/cjs/loader:1019:12)
2025-08-08 11:13:23:     at Module.require (node:internal/modules/cjs/loader:1231:19)
2025-08-08 11:13:23:     at Hook._require.Module.require (/usr/local/lib/node_modules/pm2/node_modules/require-in-the-middle/index.js:101:39) {
2025-08-08 11:13:23:   code: 'MODULE_NOT_FOUND',
2025-08-08 11:13:23:   requireStack: [
2025-08-08 11:13:23:     '/app/backend/services/taskScheduler.js',
2025-08-08 11:13:23:     '/app/backend/scheduler.js'
2025-08-08 11:13:23:   ]
2025-08-08 11:13:23: }
2025-08-08 11:13:24: Error: Cannot find module './services/reportService'
2025-08-08 11:13:24: Require stack:
2025-08-08 11:13:24: - /app/backend/services/taskScheduler.js
2025-08-08 11:13:24: - /app/backend/scheduler.js
2025-08-08 11:13:24:     at Module._resolveFilename (node:internal/modules/cjs/loader:1140:15)
2025-08-08 11:13:24:     at Hook._require.Module.require (/usr/local/lib/node_modules/pm2/node_modules/require-in-the-middle/index.js:81:25)
2025-08-08 11:13:24:     at require (node:internal/modules/helpers:177:18)
2025-08-08 11:13:24:     at Object.<anonymous> (/app/backend/services/taskScheduler.js:8:27)
2025-08-08 11:13:24:     at Module._compile (node:internal/modules/cjs/loader:1364:14)
2025-08-08 11:13:24:     at Module._extensions..js (node:internal/modules/cjs/loader:1422:10)
2025-08-08 11:13:24:     at Module.load (node:internal/modules/cjs/loader:1203:32)
2025-08-08 11:13:24:     at Module._load (node:internal/modules/cjs/loader:1019:12)
2025-08-08 11:13:24:     at Module.require (node:internal/modules/cjs/loader:1231:19)
2025-08-08 11:13:24:     at Hook._require.Module.require (/usr/local/lib/node_modules/pm2/node_modules/require-in-the-middle/index.js:101:39) {
2025-08-08 11:13:24:   code: 'MODULE_NOT_FOUND',
2025-08-08 11:13:24:   requireStack: [
2025-08-08 11:13:24:     '/app/backend/services/taskScheduler.js',
2025-08-08 11:13:24:     '/app/backend/scheduler.js'
2025-08-08 11:13:24:   ]
2025-08-08 11:13:24: }
2025-08-08 11:13:24: Error: Cannot find module './services/reportService'
2025-08-08 11:13:24: Require stack:
2025-08-08 11:13:24: - /app/backend/services/taskScheduler.js
2025-08-08 11:13:24: - /app/backend/scheduler.js
2025-08-08 11:13:24:     at Module._resolveFilename (node:internal/modules/cjs/loader:1140:15)
2025-08-08 11:13:24:     at Hook._require.Module.require (/usr/local/lib/node_modules/pm2/node_modules/require-in-the-middle/index.js:81:25)
2025-08-08 11:13:24:     at require (node:internal/modules/helpers:177:18)
2025-08-08 11:13:24:     at Object.<anonymous> (/app/backend/services/taskScheduler.js:8:27)
2025-08-08 11:13:24:     at Module._compile (node:internal/modules/cjs/loader:1364:14)
2025-08-08 11:13:24:     at Module._extensions..js (node:internal/modules/cjs/loader:1422:10)
2025-08-08 11:13:24:     at Module.load (node:internal/modules/cjs/loader:1203:32)
2025-08-08 11:13:24:     at Module._load (node:internal/modules/cjs/loader:1019:12)
2025-08-08 11:13:24:     at Module.require (node:internal/modules/cjs/loader:1231:19)
2025-08-08 11:13:24:     at Hook._require.Module.require (/usr/local/lib/node_modules/pm2/node_modules/require-in-the-middle/index.js:101:39) {
2025-08-08 11:13:24:   code: 'MODULE_NOT_FOUND',
2025-08-08 11:13:24:   requireStack: [
2025-08-08 11:13:24:     '/app/backend/services/taskScheduler.js',
2025-08-08 11:13:24:     '/app/backend/scheduler.js'
2025-08-08 11:13:24:   ]
2025-08-08 11:13:24: }
2025-08-08 11:13:24: Error: Cannot find module './services/reportService'
2025-08-08 11:13:24: Require stack:
2025-08-08 11:13:24: - /app/backend/services/taskScheduler.js
2025-08-08 11:13:24: - /app/backend/scheduler.js
2025-08-08 11:13:24:     at Module._resolveFilename (node:internal/modules/cjs/loader:1140:15)
2025-08-08 11:13:24:     at Hook._require.Module.require (/usr/local/lib/node_modules/pm2/node_modules/require-in-the-middle/index.js:81:25)
2025-08-08 11:13:24:     at require (node:internal/modules/helpers:177:18)
2025-08-08 11:13:24:     at Object.<anonymous> (/app/backend/services/taskScheduler.js:8:27)
2025-08-08 11:13:24:     at Module._compile (node:internal/modules/cjs/loader:1364:14)
2025-08-08 11:13:24:     at Module._extensions..js (node:internal/modules/cjs/loader:1422:10)
2025-08-08 11:13:24:     at Module.load (node:internal/modules/cjs/loader:1203:32)
2025-08-08 11:13:24:     at Module._load (node:internal/modules/cjs/loader:1019:12)
2025-08-08 11:13:24:     at Module.require (node:internal/modules/cjs/loader:1231:19)
2025-08-08 11:13:24:     at Hook._require.Module.require (/usr/local/lib/node_modules/pm2/node_modules/require-in-the-middle/index.js:101:39) {
2025-08-08 11:13:24:   code: 'MODULE_NOT_FOUND',
2025-08-08 11:13:24:   requireStack: [
2025-08-08 11:13:24:     '/app/backend/services/taskScheduler.js',
2025-08-08 11:13:24:     '/app/backend/scheduler.js'
2025-08-08 11:13:24:   ]
2025-08-08 11:13:24: }
2025-08-08 11:13:25: Error: Cannot find module './services/reportService'
2025-08-08 11:13:25: Require stack:
2025-08-08 11:13:25: - /app/backend/services/taskScheduler.js
2025-08-08 11:13:25: - /app/backend/scheduler.js
2025-08-08 11:13:25:     at Module._resolveFilename (node:internal/modules/cjs/loader:1140:15)
2025-08-08 11:13:25:     at Hook._require.Module.require (/usr/local/lib/node_modules/pm2/node_modules/require-in-the-middle/index.js:81:25)
2025-08-08 11:13:25:     at require (node:internal/modules/helpers:177:18)
2025-08-08 11:13:25:     at Object.<anonymous> (/app/backend/services/taskScheduler.js:8:27)
2025-08-08 11:13:25:     at Module._compile (node:internal/modules/cjs/loader:1364:14)
2025-08-08 11:13:25:     at Module._extensions..js (node:internal/modules/cjs/loader:1422:10)
2025-08-08 11:13:25:     at Module.load (node:internal/modules/cjs/loader:1203:32)
2025-08-08 11:13:25:     at Module._load (node:internal/modules/cjs/loader:1019:12)
2025-08-08 11:13:25:     at Module.require (node:internal/modules/cjs/loader:1231:19)
2025-08-08 11:13:25:     at Hook._require.Module.require (/usr/local/lib/node_modules/pm2/node_modules/require-in-the-middle/index.js:101:39) {
2025-08-08 11:13:25:   code: 'MODULE_NOT_FOUND',
2025-08-08 11:13:25:   requireStack: [
2025-08-08 11:13:25:     '/app/backend/services/taskScheduler.js',
2025-08-08 11:13:25:     '/app/backend/scheduler.js'
2025-08-08 11:13:25:   ]
2025-08-08 11:13:25: }
2025-08-08 11:13:25: Error: Cannot find module './services/reportService'
2025-08-08 11:13:25: Require stack:
2025-08-08 11:13:25: - /app/backend/services/taskScheduler.js
2025-08-08 11:13:25: - /app/backend/scheduler.js
2025-08-08 11:13:25:     at Module._resolveFilename (node:internal/modules/cjs/loader:1140:15)
2025-08-08 11:13:25:     at Hook._require.Module.require (/usr/local/lib/node_modules/pm2/node_modules/require-in-the-middle/index.js:81:25)
2025-08-08 11:13:25:     at require (node:internal/modules/helpers:177:18)
2025-08-08 11:13:25:     at Object.<anonymous> (/app/backend/services/taskScheduler.js:8:27)
2025-08-08 11:13:25:     at Module._compile (node:internal/modules/cjs/loader:1364:14)
2025-08-08 11:13:25:     at Module._extensions..js (node:internal/modules/cjs/loader:1422:10)
2025-08-08 11:13:25:     at Module.load (node:internal/modules/cjs/loader:1203:32)
2025-08-08 11:13:25:     at Module._load (node:internal/modules/cjs/loader:1019:12)
2025-08-08 11:13:25:     at Module.require (node:internal/modules/cjs/loader:1231:19)
2025-08-08 11:13:25:     at Hook._require.Module.require (/usr/local/lib/node_modules/pm2/node_modules/require-in-the-middle/index.js:101:39) {
2025-08-08 11:13:25:   code: 'MODULE_NOT_FOUND',
2025-08-08 11:13:25:   requireStack: [
2025-08-08 11:13:25:     '/app/backend/services/taskScheduler.js',
2025-08-08 11:13:25:     '/app/backend/scheduler.js'
2025-08-08 11:13:25:   ]
2025-08-08 11:13:25: }
2025-08-08 11:13:25: Error: Cannot find module './services/reportService'
2025-08-08 11:13:25: Require stack:
2025-08-08 11:13:25: - /app/backend/services/taskScheduler.js
2025-08-08 11:13:25: - /app/backend/scheduler.js
2025-08-08 11:13:25:     at Module._resolveFilename (node:internal/modules/cjs/loader:1140:15)
2025-08-08 11:13:25:     at Hook._require.Module.require (/usr/local/lib/node_modules/pm2/node_modules/require-in-the-middle/index.js:81:25)
2025-08-08 11:13:25:     at require (node:internal/modules/helpers:177:18)
2025-08-08 11:13:25:     at Object.<anonymous> (/app/backend/services/taskScheduler.js:8:27)
2025-08-08 11:13:25:     at Module._compile (node:internal/modules/cjs/loader:1364:14)
2025-08-08 11:13:25:     at Module._extensions..js (node:internal/modules/cjs/loader:1422:10)
2025-08-08 11:13:25:     at Module.load (node:internal/modules/cjs/loader:1203:32)
2025-08-08 11:13:25:     at Module._load (node:internal/modules/cjs/loader:1019:12)
2025-08-08 11:13:25:     at Module.require (node:internal/modules/cjs/loader:1231:19)
2025-08-08 11:13:25:     at Hook._require.Module.require (/usr/local/lib/node_modules/pm2/node_modules/require-in-the-middle/index.js:101:39) {
2025-08-08 11:13:25:   code: 'MODULE_NOT_FOUND',
2025-08-08 11:13:25:   requireStack: [
2025-08-08 11:13:25:     '/app/backend/services/taskScheduler.js',
2025-08-08 11:13:25:     '/app/backend/scheduler.js'
2025-08-08 11:13:25:   ]
2025-08-08 11:13:25: }
2025-08-08 11:13:26: Error: Cannot find module './services/reportService'
2025-08-08 11:13:26: Require stack:
2025-08-08 11:13:26: - /app/backend/services/taskScheduler.js
2025-08-08 11:13:26: - /app/backend/scheduler.js
2025-08-08 11:13:26:     at Module._resolveFilename (node:internal/modules/cjs/loader:1140:15)
2025-08-08 11:13:26:     at Hook._require.Module.require (/usr/local/lib/node_modules/pm2/node_modules/require-in-the-middle/index.js:81:25)
2025-08-08 11:13:26:     at require (node:internal/modules/helpers:177:18)
2025-08-08 11:13:26:     at Object.<anonymous> (/app/backend/services/taskScheduler.js:8:27)
2025-08-08 11:13:26:     at Module._compile (node:internal/modules/cjs/loader:1364:14)
2025-08-08 11:13:26:     at Module._extensions..js (node:internal/modules/cjs/loader:1422:10)
2025-08-08 11:13:26:     at Module.load (node:internal/modules/cjs/loader:1203:32)
2025-08-08 11:13:26:     at Module._load (node:internal/modules/cjs/loader:1019:12)
2025-08-08 11:13:26:     at Module.require (node:internal/modules/cjs/loader:1231:19)
2025-08-08 11:13:26:     at Hook._require.Module.require (/usr/local/lib/node_modules/pm2/node_modules/require-in-the-middle/index.js:101:39) {
2025-08-08 11:13:26:   code: 'MODULE_NOT_FOUND',
2025-08-08 11:13:26:   requireStack: [
2025-08-08 11:13:26:     '/app/backend/services/taskScheduler.js',
2025-08-08 11:13:26:     '/app/backend/scheduler.js'
2025-08-08 11:13:26:   ]
2025-08-08 11:13:26: }
